"../../../Engine/Content/Animation/DefaultAnimCurveCompressionSettings.uasset" 0
"../../../Engine/Content/Functions/Engine_MaterialFunctions01/Opacity/CameraDepthFade.uasset" 1
"../../../Engine/Content/EngineMaterials/T_Default_Material_Grid_M.uasset" 2
"../../../Engine/Content/EngineMaterials/T_Default_Material_Grid_N.uasset" 3
"../../../Engine/Content/EngineMaterials/WorldGridMaterial.uasset" 4
"../../../Engine/Content/ArtTools/RenderToTexture/Meshes/S_1_Unit_Plane.uasset" 5
"../../../Engine/Content/EngineMaterials/DefaultMaterial.uasset" 6
"../../../Engine/Content/BasicShapes/Cone.uasset" 7
"../../../Engine/Content/EditorLandscapeResources/DataLayer.uasset" 8
"../../../Engine/Content/EditorMaterials/GizmoMaterial.uasset" 9
"../../../Engine/Content/EditorMaterials/MAT_Groups_Toggle.uasset" 10
"../../../Engine/Content/EditorMaterials/MAT_Groups_Visibility.uasset" 11
"../../../Engine/Content/EditorMaterials/PreviewShadowIndicator.uasset" 12
"../../../Engine/Content/EditorMaterials/PreviewShadowIndicatorMaterial.uasset" 13
"../../../Engine/Content/EditorMaterials/MatineeGroups/MAT_ColorTrack.uasset" 14
"../../../Engine/Content/EditorMaterials/MatineeGroups/MAT_Groups_Anim.uasset" 15
"../../../Engine/Content/EditorMaterials/MatineeGroups/MAT_Groups_AudioMaster.uasset" 16
"../../../Engine/Content/EditorMaterials/MatineeGroups/MAT_Groups_Director.uasset" 17
"../../../Engine/Content/EditorMaterials/MatineeGroups/MAT_Groups_Event.uasset" 18
"../../../Engine/Content/EditorMaterials/MatineeGroups/MAT_Groups_Fade.uasset" 19
"../../../Engine/Content/EditorMaterials/MatineeGroups/MAT_Groups_Float.uasset" 20
"../../../Engine/Content/EditorMaterials/MatineeGroups/MAT_Groups_Move.uasset" 21
"../../../Engine/Content/EditorMaterials/MatineeGroups/MAT_Groups_Slomo.uasset" 22
"../../../Engine/Content/EditorMaterials/MatineeGroups/MAT_Groups_Sound.uasset" 23
"../../../Engine/Content/EditorMaterials/MatineeGroups/MAT_Groups_Vector.uasset" 24
"../../../Engine/Content/EditorMaterials/ParticleSystems/PSysThumbnail_NoImage.uasset" 25
"../../../Engine/Content/EditorMaterials/ParticleSystems/PSysThumbnail_OOD.uasset" 26
"../../../Engine/Content/EditorMaterials/Camera/CineMat.uasset" 27
"../../../Engine/Content/EditorMaterials/Camera/MI_CineMat_Rig.uasset" 28
"../../../Engine/Content/EditorMeshes/Camera/SM_CraneRig_Arm.uasset" 29
"../../../Engine/Content/EditorMeshes/Camera/SM_CraneRig_Base.uasset" 30
"../../../Engine/Content/EditorMeshes/Camera/SM_CraneRig_Body.uasset" 31
"../../../Engine/Content/EditorMeshes/Camera/SM_CraneRig_Mount.uasset" 32
"../../../Engine/Content/EditorMeshes/Camera/SM_RailRig_Mount.uasset" 33
"../../../Engine/Content/EditorMeshes/Camera/SM_RailRig_Track.uasset" 34
"../../../Engine/Content/EditorResources/BSPVertex.uasset" 35
"../../../Engine/Content/EditorResources/EmptyActor.uasset" 36
"../../../Engine/Content/EditorResources/S_Actor.uasset" 37
"../../../Engine/Content/EditorResources/S_Note.uasset" 38
"../../../Engine/Content/EditorResources/S_Solver.uasset" 39
"../../../Engine/Content/EditorResources/S_Trigger.uasset" 40
"../../../Engine/Content/EditorResources/AudioIcons/S_AudioComponent.uasset" 41
"../../../Engine/Content/EditorResources/AudioIcons/S_AudioComponent_AutoActivate.uasset" 42
"../../../Engine/Content/EditorResources/LightIcons/S_LightError.uasset" 43
"../../../Engine/Content/EditorResources/SequenceRecorder/Countdown.uasset" 44
"../../../Engine/Content/EditorResources/SequenceRecorder/RecordingIndicator.uasset" 45
"../../../Engine/Content/EditorSounds/Notifications/CompileFailed.uasset" 46
"../../../Engine/Content/EditorSounds/Notifications/CompileFailed_Cue.uasset" 47
"../../../Engine/Content/EditorSounds/Notifications/CompileSuccess.uasset" 48
"../../../Engine/Content/EditorSounds/Notifications/CompileStart_Cue.uasset" 49
"../../../Engine/Content/EditorSounds/Notifications/CompileSuccess_Cue.uasset" 50
"../../../Engine/Content/EngineDamageTypes/DmgTypeBP_Environmental.uasset" 51
"../../../Engine/Content/EngineDebugMaterials/HeatmapGradient.uasset" 52
"../../../Engine/Content/EngineDebugMaterials/BoneWeightMaterial.uasset" 53
"../../../Engine/Content/EngineDebugMaterials/ClothMaterial.uasset" 54
"../../../Engine/Content/EngineDebugMaterials/ClothMaterial_WF.uasset" 55
"../../../Engine/Content/EngineDebugMaterials/DebugEditorMaterial.uasset" 56
"../../../Engine/Content/EngineDebugMaterials/DebugMeshMaterial.uasset" 57
"../../../Engine/Content/EngineDebugMaterials/GeomMaterial.uasset" 58
"../../../Engine/Content/EngineDebugMaterials/M_SimpleTranslucent.uasset" 59
"../../../Engine/Content/Functions/Engine_MaterialFunctions02/Utility/CameraDirectionVector.uasset" 60
"../../../Engine/Content/EngineDebugMaterials/VolumeToRender.uasset" 61
"../../../Engine/Content/EngineDebugMaterials/M_VolumeRenderSphereTracePP.uasset" 62
"../../../Engine/Content/EngineDebugMaterials/WireframeMaterial.uasset" 63
"../../../Engine/Content/EngineFonts/Faces/RobotoBold.uasset" 64
"../../../Engine/Content/EngineFonts/Faces/RobotoBoldItalic.uasset" 65
"../../../Engine/Content/EngineFonts/Faces/RobotoItalic.uasset" 66
"../../../Engine/Content/EngineFonts/Faces/RobotoLight.uasset" 67
"../../../Engine/Content/EngineFonts/Faces/RobotoRegular.uasset" 68
"../../../Engine/Content/EngineFonts/Roboto.uasset" 69
"../../../Engine/Content/EngineMaterials/BaseFlattenDiffuseMap.uasset" 70
"../../../Engine/Content/EngineMaterials/BaseFlattenEmissiveMap.uasset" 71
"../../../Engine/Content/EngineMaterials/BaseFlattenGrayscaleMap.uasset" 72
"../../../Engine/Content/EngineMaterials/BaseFlattenNormalMap.uasset" 73
"../../../Engine/Content/EngineMaterials/BaseFlattenMaterial.uasset" 74
"../../../Engine/Content/EngineMaterials/BlueNoise.uasset" 75
"../../../Engine/Content/EngineMaterials/DefaultBloomKernel.uasset" 76
"../../../Engine/Content/EngineMaterials/DefaultBokeh.uasset" 77
"../../../Engine/Content/EngineMaterials/DefaultDiffuse.uasset" 78
"../../../Engine/Content/EngineMaterials/DefaultDeferredDecalMaterial.uasset" 79
"../../../Engine/Content/EngineMaterials/DefaultLightFunctionMaterial.uasset" 80
"../../../Engine/Content/EngineMaterials/DefaultPhysicalMaterial.uasset" 81
"../../../Engine/Content/Functions/Engine_MaterialFunctions02/Utility/BreakOutFloat2Components.uasset" 82
"../../../Engine/Content/EngineMaterials/DefaultPostProcessMaterial.uasset" 83
"../../../Engine/Content/EngineFonts/RobotoDistanceField.uasset" 84
"../../../Engine/Content/EngineMaterials/DefaultTextMaterialOpaque.uasset" 85
"../../../Engine/Content/EngineMaterials/DefaultVirtualTextureMaterial.uasset" 86
"../../../Engine/Content/EngineMaterials/DefaultWhiteGrid.uasset" 87
"../../../Engine/Content/EngineMaterials/EditorBrushMaterial.uasset" 88
"../../../Engine/Content/EngineMaterials/DefaultWhiteGrid_Low.uasset" 89
"../../../Engine/Content/EngineMaterials/EmissiveMeshMaterial.uasset" 90
"../../../Engine/Content/EngineMaterials/MiniFont.uasset" 91
"../../../Engine/Content/EngineMaterials/InvalidLightmapSettings.uasset" 92
"../../../Engine/Content/EngineMaterials/M_InvalidLightmapSettings.uasset" 93
"../../../Engine/Content/Functions/Engine_MaterialFunctions02/WorldPositionOffset/CameraOffset.uasset" 94
"../../../Engine/Content/EngineMaterials/PhAT_JointLimitMaterial.uasset" 95
"../../../Engine/Content/EngineMaterials/PreintegratedSkinBRDF.uasset" 96
"../../../Engine/Content/EngineMaterials/RemoveSurfaceMaterial.uasset" 97
"../../../Engine/Content/EngineMaterials/WeightMapPlaceholderTexture.uasset" 98
"../../../Engine/Content/EngineResources/WhiteSquareTexture.uasset" 99
"../../../Engine/Content/EngineMaterials/Widget3DPassThrough.uasset" 100
"../../../Engine/Content/EngineMaterials/Widget3DPassThrough_Masked.uasset" 101
"../../../Engine/Content/EngineMaterials/Widget3DPassThrough_Opaque.uasset" 102
"../../../Engine/Content/EngineMaterials/Widget3DPassThrough_Masked_OneSided.uasset" 103
"../../../Engine/Content/EngineMaterials/Widget3DPassThrough_Opaque_OneSided.uasset" 104
"../../../Engine/Content/EngineMaterials/Widget3DPassThrough_Translucent.uasset" 105
"../../../Engine/Content/EngineMaterials/Widget3DPassThrough_Translucent_OneSided.uasset" 106
"../../../Engine/Content/EngineMeshes/Cylinder.uasset" 107
"../../../Engine/Content/EngineMeshes/Sphere.uasset" 108
"../../../Engine/Content/EngineResources/Black.uasset" 109
"../../../Engine/Content/EngineResources/DefaultTexture.uasset" 110
"../../../Engine/Content/EngineResources/DefaultTextureCube.uasset" 111
"../../../Engine/Content/EngineResources/DefaultVolumeTexture2D.uasset" 112
"../../../Engine/Content/EngineResources/DefaultVolumeTexture.uasset" 113
"../../../Engine/Content/EngineResources/GradientTexture0.uasset" 114
"../../../Engine/Content/EngineSounds/Master.uasset" 115
"../../../Engine/Content/Functions/Engine_MaterialFunctions01/Shading/ConvertFromDiffSpec.uasset" 116
"../../../Engine/Content/Functions/Engine_MaterialFunctions01/Shading/PowerToRoughness.uasset" 117
"../../../Engine/Content/Maps/Templates/Thumbnails/Default.uasset" 118
"../../../Engine/Content/Maps/Templates/Thumbnails/VR-Basic.uasset" 119
"../../../Engine/Content/MobileResources/T_MobileControls_texture.uasset" 120
"../../../Engine/Content/MobileResources/T_MobileMenu2.uasset" 121
"../../../Engine/Content/MobileResources/HUD/AnalogHat.uasset" 122
"../../../Engine/Content/MobileResources/HUD/VirtualJoystick_Background.uasset" 123
"../../../Engine/Content/MobileResources/HUD/VirtualJoystick_Thumb.uasset" 124
"../../../Engine/Content/MobileResources/HUD/DefaultVirtualJoysticks.uasset" 125
"../../../Engine/Content/MobileResources/HUD/LeftVirtualJoystickOnly.uasset" 126
"../../../Engine/Content/MobileResources/HUD/MobileHUDButton1_off.uasset" 127
"../../../Engine/Content/MobileResources/HUD/MobileHUDButton1_on.uasset" 128
"../../../Engine/Content/MobileResources/HUD/MobileHUDButton2_off.uasset" 129
"../../../Engine/Content/MobileResources/HUD/MobileHUDButton2_on.uasset" 130
"../../../Engine/Content/MobileResources/HUD/MobileHUDButton3.uasset" 131
"../../../Engine/Content/MobileResources/HUD/MobileHUDButtonFire.uasset" 132
"../../../Engine/Content/MobileResources/HUD/MobileHUDDirectionPad.uasset" 133
"../../../Engine/Content/MobileResources/HUD/MobileHUDDirectionPad2.uasset" 134
"../../../Engine/Content/MobileResources/HUD/MobileHUDDirectionPad3.uasset" 135
"../../../Engine/Content/MobileResources/HUD/MobileHUDDirectionStick.uasset" 136
"../../../Engine/Content/MobileResources/HUD/T_Castle_ThumbstickInner.uasset" 137
"../../../Engine/Content/MobileResources/HUD/T_Castle_ThumbstickOutter.uasset" 138
"../../../Engine/Content/Tutorial/ContentIntroCurve.uasset" 139
"../../../Engine/Content/Tutorial/Basics/LevelEditorAttract.uasset" 140
"../../../Engine/Content/Tutorial/Basics/TutorialAssets/icon_tab_Levels_40x.uasset" 141
"../../../Engine/Content/Tutorial/Basics/LevelEditorOverview.uasset" 142
"../../../Engine/Content/VREditor/LaserPointer/VR_LaserPower_01.uasset" 143
"../../../Engine/Content/VREditor/TransformGizmo/TransformGizmoMaterial.uasset" 144
"../../../Engine/Content/VREditor/TransformGizmo/TranslucentTransformGizmoMaterial.uasset" 145
"../../../Engine/Content/VREditor/TransformGizmo/BoundingBoxCorner.uasset" 146
"../../../Engine/Content/VREditor/TransformGizmo/BoundingBoxEdge.uasset" 147
"../../../Engine/Content/VREditor/TransformGizmo/PlaneTranslationHandle.uasset" 148
"../../../Engine/Content/VREditor/TransformGizmo/Main.uasset" 149
"../../../Engine/Content/VREditor/TransformGizmo/Xray.uasset" 150
"../../../Engine/Content/VREditor/TransformGizmo/SM_Sequencer_Key.uasset" 151
"../../../Engine/Content/VREditor/TransformGizmo/SM_Sequencer_Node.uasset" 152
"../../Plugins/2D/Paper2D/Content/PlaceholderTextures/DummySpriteTexture.uasset" 153
"../../Plugins/2D/Paper2D/Content/DummySprite.uasset" 154
"../../Plugins/2D/Paper2D/Content/DefaultPaperTerrainMaterial.uasset" 155
"../../Plugins/2D/Paper2D/Content/DummySpriteTexture.uasset" 156
"../../Plugins/2D/Paper2D/Content/DefaultSpriteMaterial.uasset" 157
"../../Plugins/2D/Paper2D/Content/MaskedUnlitSpriteMaterial.uasset" 158
"../../Plugins/2D/Paper2D/Content/OpaqueUnlitSpriteMaterial.uasset" 159
"../../Plugins/Runtime/Oculus/OculusVR/Content/OculusMR_RenderTarget.uasset" 160
"../../../Engine/Content/Functions/Engine_MaterialFunctions02/Utility/BreakOutFloat4Components.uasset" 161
"../../../Engine/Content/Functions/Engine_MaterialFunctions02/Utility/MakeFloat2.uasset" 162
"../../../Engine/Content/Functions/Engine_MaterialFunctions02/Utility/MakeFloat3.uasset" 163
"../../Plugins/Runtime/Oculus/OculusVR/Content/Materials/OculusMR_ChromaKey.uasset" 164
"../../Plugins/Runtime/Oculus/OculusVR/Content/Materials/OculusMR_ChromaKey_Lit.uasset" 165
"../../Plugins/Runtime/Oculus/OculusVR/Content/Materials/OculusMR_OpaqueColoredMaterial.uasset" 166
"../../Plugins/Runtime/Oculus/OculusVR/Content/Materials/OculusMR_WhiteMaterial.uasset" 167
"../../../../../../Users/Agape/Documents/Unreal Projects/SoundEscapeWeb/Content/_Main/Blueprints/BPI_Interactable.uasset" 168
"../../../../../../Users/Agape/Documents/Unreal Projects/SoundEscapeWeb/Content/_Main/Meshes/bell/BeckoningBell_LP_defaultMat_BaseColor.uasset" 169
"../../../../../../Users/Agape/Documents/Unreal Projects/SoundEscapeWeb/Content/_Main/Meshes/bell/BeckoningBell_LP_defaultMat_Metallic.uasset" 170
"../../../../../../Users/Agape/Documents/Unreal Projects/SoundEscapeWeb/Content/_Main/Meshes/bell/BeckoningBell_LP_defaultMat_Normal.uasset" 171
"../../../../../../Users/Agape/Documents/Unreal Projects/SoundEscapeWeb/Content/_Main/Meshes/bell/BeckoningBell_LP_defaultMat_Roughness.uasset" 172
"../../../../../../Users/Agape/Documents/Unreal Projects/SoundEscapeWeb/Content/_Main/Meshes/bell/defaultMat.uasset" 173
"../../../../../../Users/Agape/Documents/Unreal Projects/SoundEscapeWeb/Content/_Main/Meshes/bell/bell.uasset" 174
"../../../../../../Users/Agape/Documents/Unreal Projects/SoundEscapeWeb/Content/_Main/SFX/AchievementSound.uasset" 175
"../../../../../../Users/Agape/Documents/Unreal Projects/SoundEscapeWeb/Content/_Main/SFX/Bell.uasset" 176
"../../../../../../Users/Agape/Documents/Unreal Projects/SoundEscapeWeb/Content/_Main/SFX/Bell_SoundAttenuation.uasset" 177
"../../../../../../Users/Agape/Documents/Unreal Projects/SoundEscapeWeb/Content/_Main/SFX/Bell_Cue.uasset" 178
"../../../../../../Users/Agape/Documents/Unreal Projects/SoundEscapeWeb/Content/_Main/Blueprints/BellPuzzle/BP_Bell.uasset" 179
"../../../Engine/Content/Functions/Engine_MaterialFunctions02/Utility/BlendAngleCorrectedNormals.uasset" 180
"../../../Engine/Content/Functions/MaterialLayerFunctions/MatLayerBlend_NormalBlend.uasset" 181
"../../../Engine/Content/Functions/MaterialLayerFunctions/MatLayerBlend_Simple.uasset" 182
"../../../../../../Users/Agape/Documents/Unreal Projects/SoundEscapeWeb/Content/Mannequin/Character/Materials/MaterialLayers/T_ML_Rubber_Blue_01_D.uasset" 183
"../../../../../../Users/Agape/Documents/Unreal Projects/SoundEscapeWeb/Content/Mannequin/Character/Materials/MaterialLayers/T_ML_Rubber_Blue_01_N.uasset" 184
"../../../../../../Users/Agape/Documents/Unreal Projects/SoundEscapeWeb/Content/Mannequin/Character/Materials/MaterialLayers/ML_GlossyBlack_Latex_UE4.uasset" 185
"../../../../../../Users/Agape/Documents/Unreal Projects/SoundEscapeWeb/Content/Mannequin/Character/Materials/MaterialLayers/ML_Plastic_Shiny_Beige.uasset" 186
"../../../../../../Users/Agape/Documents/Unreal Projects/SoundEscapeWeb/Content/Mannequin/Character/Textures/UE4_LOGO_CARD.uasset" 187
"../../../../../../Users/Agape/Documents/Unreal Projects/SoundEscapeWeb/Content/Mannequin/Character/Materials/MaterialLayers/ML_Plastic_Shiny_Beige_LOGO.uasset" 188
"../../../../../../Users/Agape/Documents/Unreal Projects/SoundEscapeWeb/Content/Mannequin/Character/Materials/MaterialLayers/T_ML_Aluminum01.uasset" 189
"../../../../../../Users/Agape/Documents/Unreal Projects/SoundEscapeWeb/Content/Mannequin/Character/Materials/MaterialLayers/T_ML_Aluminum01_N.uasset" 190
"../../../../../../Users/Agape/Documents/Unreal Projects/SoundEscapeWeb/Content/Mannequin/Character/Materials/MaterialLayers/ML_SoftMetal_UE4.uasset" 191
"../../../../../../Users/Agape/Documents/Unreal Projects/SoundEscapeWeb/Content/Mannequin/Character/Textures/UE4_Mannequin__normals.uasset" 192
"../../../../../../Users/Agape/Documents/Unreal Projects/SoundEscapeWeb/Content/Mannequin/Character/Textures/UE4_Mannequin_MAT_MASKA.uasset" 193
"../../../../../../Users/Agape/Documents/Unreal Projects/SoundEscapeWeb/Content/Mannequin/Character/Materials/M_UE4Man_Body.uasset" 194
"../../../../../../Users/Agape/Documents/Unreal Projects/SoundEscapeWeb/Content/Mannequin/Character/Textures/UE4Man_Logo_N.uasset" 195
"../../../../../../Users/Agape/Documents/Unreal Projects/SoundEscapeWeb/Content/Mannequin/Character/Materials/M_UE4Man_ChestLogo.uasset" 196
"../../../../../../Users/Agape/Documents/Unreal Projects/SoundEscapeWeb/Content/Mannequin/Character/Mesh/SK_Mannequin_PhysicsAsset.uasset" 197
"../../../../../../Users/Agape/Documents/Unreal Projects/SoundEscapeWeb/Content/Mannequin/Character/Mesh/UE4_Mannequin_Skeleton.uasset" 198
"../../../../../../Users/Agape/Documents/Unreal Projects/SoundEscapeWeb/Content/Mannequin/Character/Mesh/SK_Mannequin.uasset" 199
"../../../../../../Users/Agape/Documents/Unreal Projects/SoundEscapeWeb/Content/ThirdPersonBP/Blueprints/ThirdPersonCharacter.uasset" 200
"../../../../../../Users/Agape/Documents/Unreal Projects/SoundEscapeWeb/Content/VirtualRealityBP/Blueprints/PickupActorInterface.uasset" 201
"../../../../../../Users/Agape/Documents/Unreal Projects/SoundEscapeWeb/Content/_Main/Meshes/Harmonica/internal_ground_ao_texture.uasset" 202
"../../../../../../Users/Agape/Documents/Unreal Projects/SoundEscapeWeb/Content/_Main/Meshes/Harmonica/Material__74653_Base_Color.uasset" 203
"../../../../../../Users/Agape/Documents/Unreal Projects/SoundEscapeWeb/Content/_Main/Meshes/Harmonica/Material__74653_Metallic.uasset" 204
"../../../../../../Users/Agape/Documents/Unreal Projects/SoundEscapeWeb/Content/_Main/Meshes/Harmonica/Material__74653_Mixed_AO.uasset" 205
"../../../../../../Users/Agape/Documents/Unreal Projects/SoundEscapeWeb/Content/_Main/Meshes/Harmonica/Material__74653_Normal_OpenGL.uasset" 206
"../../../../../../Users/Agape/Documents/Unreal Projects/SoundEscapeWeb/Content/_Main/Meshes/Harmonica/Material__74653_Roughness.uasset" 207
"../../../../../../Users/Agape/Documents/Unreal Projects/SoundEscapeWeb/Content/_Main/Meshes/Harmonica/Material__74653.uasset" 208
"../../../../../../Users/Agape/Documents/Unreal Projects/SoundEscapeWeb/Content/_Main/Meshes/Harmonica/harmonica.uasset" 209
"../../../../../../Users/Agape/Documents/Unreal Projects/SoundEscapeWeb/Content/_Main/SFX/Harmonica.uasset" 210
"../../../../../../Users/Agape/Documents/Unreal Projects/SoundEscapeWeb/Content/_Main/SFX/Harmonica_SoundAttenuation.uasset" 211
"../../../../../../Users/Agape/Documents/Unreal Projects/SoundEscapeWeb/Content/_Main/SFX/Harmonica_Cue.uasset" 212
"../../../../../../Users/Agape/Documents/Unreal Projects/SoundEscapeWeb/Content/_Main/Blueprints/ObjectsPuzzle/BP_Harmonica.uasset" 213
"../../../../../../Users/Agape/Documents/Unreal Projects/SoundEscapeWeb/Content/_Main/Meshes/Phone/Retro_Phone_base_color.uasset" 214
"../../../../../../Users/Agape/Documents/Unreal Projects/SoundEscapeWeb/Content/_Main/Meshes/Phone/Retro_Phone_metallic.uasset" 215
"../../../../../../Users/Agape/Documents/Unreal Projects/SoundEscapeWeb/Content/_Main/Meshes/Phone/Retro_Phone_normal.uasset" 216
"../../../../../../Users/Agape/Documents/Unreal Projects/SoundEscapeWeb/Content/_Main/Meshes/Phone/Retro_Phone_occlusion.uasset" 217
"../../../../../../Users/Agape/Documents/Unreal Projects/SoundEscapeWeb/Content/_Main/Meshes/Phone/Retro_Phone_roughness.uasset" 218
"../../../../../../Users/Agape/Documents/Unreal Projects/SoundEscapeWeb/Content/_Main/Meshes/Phone/Retro_Phone.uasset" 219
"../../../../../../Users/Agape/Documents/Unreal Projects/SoundEscapeWeb/Content/_Main/Meshes/Phone/Phone.uasset" 220
"../../../../../../Users/Agape/Documents/Unreal Projects/SoundEscapeWeb/Content/_Main/SFX/Phone.uasset" 221
"../../../../../../Users/Agape/Documents/Unreal Projects/SoundEscapeWeb/Content/_Main/SFX/Phone_SoundAttenuation.uasset" 222
"../../../../../../Users/Agape/Documents/Unreal Projects/SoundEscapeWeb/Content/_Main/SFX/Phone_Cue.uasset" 223
"../../../../../../Users/Agape/Documents/Unreal Projects/SoundEscapeWeb/Content/_Main/Blueprints/ObjectsPuzzle/BP_Phone.uasset" 224
"../../../../../../Users/Agape/Documents/Unreal Projects/SoundEscapeWeb/Content/_Main/Meshes/Violin/ao_vio.uasset" 225
"../../../../../../Users/Agape/Documents/Unreal Projects/SoundEscapeWeb/Content/_Main/Meshes/Violin/metall_vio.uasset" 226
"../../../../../../Users/Agape/Documents/Unreal Projects/SoundEscapeWeb/Content/_Main/Meshes/Violin/roughness_vio.uasset" 227
"../../../../../../Users/Agape/Documents/Unreal Projects/SoundEscapeWeb/Content/_Main/Meshes/Violin/violine_lambert1_BaseColor.uasset" 228
"../../../../../../Users/Agape/Documents/Unreal Projects/SoundEscapeWeb/Content/_Main/Meshes/Violin/violine_lambert1_Normal.uasset" 229
"../../../../../../Users/Agape/Documents/Unreal Projects/SoundEscapeWeb/Content/_Main/Meshes/Violin/lambert14.uasset" 230
"../../../../../../Users/Agape/Documents/Unreal Projects/SoundEscapeWeb/Content/_Main/Meshes/Violin/violin.uasset" 231
"../../../../../../Users/Agape/Documents/Unreal Projects/SoundEscapeWeb/Content/_Main/SFX/Violin.uasset" 232
"../../../../../../Users/Agape/Documents/Unreal Projects/SoundEscapeWeb/Content/_Main/SFX/Violin_SoundAttenuation.uasset" 233
"../../../../../../Users/Agape/Documents/Unreal Projects/SoundEscapeWeb/Content/_Main/SFX/Violin_Cue.uasset" 234
"../../../../../../Users/Agape/Documents/Unreal Projects/SoundEscapeWeb/Content/_Main/Blueprints/ObjectsPuzzle/BP_Violin.uasset" 235
"../../../../../../Users/Agape/Documents/Unreal Projects/SoundEscapeWeb/Content/_Main/SFX/Pipe1.uasset" 236
"../../../../../../Users/Agape/Documents/Unreal Projects/SoundEscapeWeb/Content/_Main/SFX/Pipe2.uasset" 237
"../../../../../../Users/Agape/Documents/Unreal Projects/SoundEscapeWeb/Content/_Main/SFX/Pipe3.uasset" 238
"../../../../../../Users/Agape/Documents/Unreal Projects/SoundEscapeWeb/Content/_Main/SFX/Pipe4.uasset" 239
"../../../../../../Users/Agape/Documents/Unreal Projects/SoundEscapeWeb/Content/_Main/SFX/PipesNoise.uasset" 240
"../../../../../../Users/Agape/Documents/Unreal Projects/SoundEscapeWeb/Content/_Main/SFX/PipesNoise_Attenuation.uasset" 241
"../../../../../../Users/Agape/Documents/Unreal Projects/SoundEscapeWeb/Content/_Main/SFX/PipesNoise_Cue.uasset" 242
"../../../../../../Users/Agape/Documents/Unreal Projects/SoundEscapeWeb/Content/_Main/Blueprints/PipesPuzzle/BP_WinPipePuzzle.uasset" 243
"../../../../../../Users/Agape/Documents/Unreal Projects/SoundEscapeWeb/Content/_Main/Blueprints/ScreenFadeInterface.uasset" 244
"../../../../../../Users/Agape/Documents/Unreal Projects/SoundEscapeWeb/Content/_Main/Widgets/FirstStoryAct.uasset" 245
"../../../../../../Users/Agape/Documents/Unreal Projects/SoundEscapeWeb/Content/_Main/Blueprints/Actors/FirstStoryAct.uasset" 246
"../../../../../../Users/Agape/Documents/Unreal Projects/SoundEscapeWeb/Content/_Main/Music/Guitar1.uasset" 247
"../../../../../../Users/Agape/Documents/Unreal Projects/SoundEscapeWeb/Content/_Main/Music/Guitar1_Cue.uasset" 248
"../../../../../../Users/Agape/Documents/Unreal Projects/SoundEscapeWeb/Content/_Main/Widgets/MainMenu.uasset" 249
"../../../../../../Users/Agape/Documents/Unreal Projects/SoundEscapeWeb/Content/_Main/Blueprints/Actors/MainMenuActor.uasset" 250
"../../../../../../Users/Agape/Documents/Unreal Projects/SoundEscapeWeb/Content/_Main/Widgets/EndingStoryAct.uasset" 251
"../../../../../../Users/Agape/Documents/Unreal Projects/SoundEscapeWeb/Content/_Main/Blueprints/Actors/EndStoryAct.uasset" 252
"../../../../../../Users/Agape/Documents/Unreal Projects/SoundEscapeWeb/Content/_Main/Widgets/Hint0.uasset" 253
"../../../../../../Users/Agape/Documents/Unreal Projects/SoundEscapeWeb/Content/_Main/Blueprints/Actors/Hint0.uasset" 254
"../../../../../../Users/Agape/Documents/Unreal Projects/SoundEscapeWeb/Content/_Main/Widgets/Hint1_First.uasset" 255
"../../../../../../Users/Agape/Documents/Unreal Projects/SoundEscapeWeb/Content/_Main/Blueprints/Actors/Hint1_First.uasset" 256
"../../../../../../Users/Agape/Documents/Unreal Projects/SoundEscapeWeb/Content/_Main/Widgets/Hint2.uasset" 257
"../../../../../../Users/Agape/Documents/Unreal Projects/SoundEscapeWeb/Content/_Main/Blueprints/Actors/Hint2.uasset" 258
"../../../../../../Users/Agape/Documents/Unreal Projects/SoundEscapeWeb/Content/_Main/Widgets/Hint3.uasset" 259
"../../../../../../Users/Agape/Documents/Unreal Projects/SoundEscapeWeb/Content/_Main/Blueprints/Actors/hint3.uasset" 260
"../../../../../../Users/Agape/Documents/Unreal Projects/SoundEscapeWeb/Content/_Main/Widgets/Fonts/Trajan_Pro.uasset" 261
"../../../../../../Users/Agape/Documents/Unreal Projects/SoundEscapeWeb/Content/_Main/Widgets/Fonts/Trajan_Pro_Font.uasset" 262
"../../../../../../Users/Agape/Documents/Unreal Projects/SoundEscapeWeb/Content/_Main/Widgets/TitleStyle.uasset" 263
"../../../../../../Users/Agape/Documents/Unreal Projects/SoundEscapeWeb/Content/_Main/Widgets/Title.uasset" 264
"../../../../../../Users/Agape/Documents/Unreal Projects/SoundEscapeWeb/Content/_Main/Blueprints/Actors/Title.uasset" 265
"../../../../../../Users/Agape/Documents/Unreal Projects/SoundEscapeWeb/Content/_Main/Meshes/Hammer/T_hammer_BC.uasset" 266
"../../../../../../Users/Agape/Documents/Unreal Projects/SoundEscapeWeb/Content/_Main/Meshes/Hammer/T_hammer_Metal.uasset" 267
"../../../../../../Users/Agape/Documents/Unreal Projects/SoundEscapeWeb/Content/_Main/Meshes/Hammer/T_hammer_N.uasset" 268
"../../../../../../Users/Agape/Documents/Unreal Projects/SoundEscapeWeb/Content/_Main/Meshes/Hammer/T_hammer_Occlusion.uasset" 269
"../../../../../../Users/Agape/Documents/Unreal Projects/SoundEscapeWeb/Content/_Main/Meshes/Hammer/T_hammer_Roughness.uasset" 270
"../../../../../../Users/Agape/Documents/Unreal Projects/SoundEscapeWeb/Content/_Main/Meshes/Hammer/Material_Hammer.uasset" 271
"../../../../../../Users/Agape/Documents/Unreal Projects/SoundEscapeWeb/Content/_Main/Meshes/Hammer/Hammer.uasset" 272
"../../../../../../Users/Agape/Documents/Unreal Projects/SoundEscapeWeb/Content/_Main/Blueprints/BellPuzzle/BP_Hammer.uasset" 273
"../../../../../../Users/Agape/Documents/Unreal Projects/SoundEscapeWeb/Content/_Main/Blueprints/BellPuzzle/BP_ToolPipe.uasset" 274
"../../../../../../Users/Agape/Documents/Unreal Projects/SoundEscapeWeb/Content/_Main/SFX/CellDoorOpen.uasset" 275
"../../../../../../Users/Agape/Documents/Unreal Projects/SoundEscapeWeb/Content/_Main/SFX/DoorLocked.uasset" 276
"../../../Engine/Content/Functions/Engine_MaterialFunctions01/Gradient/LinearGradient.uasset" 277
"../../../Engine/Content/Functions/Engine_MaterialFunctions01/ImageAdjustment/CheapContrast.uasset" 278
"../../../Engine/Content/Functions/Engine_MaterialFunctions02/Math/MultiplyAdd.uasset" 279
"../../../Engine/Content/Functions/Engine_MaterialFunctions02/Texturing/ScreenAlignedPixelToPixelUVs.uasset" 280
"../../../Engine/Content/EngineMaterials/Good64x64TilingNoiseHighFreq.uasset" 281
"../../../Engine/Content/Functions/Engine_MaterialFunctions02/Utility/DitherTemporalAA.uasset" 282
"../../../../../../Users/Agape/Documents/Unreal Projects/SoundEscapeWeb/Content/MedievalDungeon/Textures/T_Blank_A.uasset" 283
"../../../../../../Users/Agape/Documents/Unreal Projects/SoundEscapeWeb/Content/MedievalDungeon/Textures/T_Blank_C.uasset" 284
"../../../../../../Users/Agape/Documents/Unreal Projects/SoundEscapeWeb/Content/MedievalDungeon/Textures/T_Blank_N.uasset" 285
"../../../../../../Users/Agape/Documents/Unreal Projects/SoundEscapeWeb/Content/MedievalDungeon/Materials/M_Master.uasset" 286
"../../../../../../Users/Agape/Documents/Unreal Projects/SoundEscapeWeb/Content/MedievalDungeon/Textures/T_Cell_Door_Front_A.uasset" 287
"../../../../../../Users/Agape/Documents/Unreal Projects/SoundEscapeWeb/Content/MedievalDungeon/Textures/T_Cell_Door_Front_C.uasset" 288
"../../../../../../Users/Agape/Documents/Unreal Projects/SoundEscapeWeb/Content/MedievalDungeon/Textures/T_Cell_Door_Front_N.uasset" 289
"../../../../../../Users/Agape/Documents/Unreal Projects/SoundEscapeWeb/Content/MedievalDungeon/Materials/M_Cell_Door_Front_Inst.uasset" 290
"../../../../../../Users/Agape/Documents/Unreal Projects/SoundEscapeWeb/Content/MedievalDungeon/Meshes/Architecture/Dungeon/SM_Cell_Door.uasset" 291
"../../../../../../Users/Agape/Documents/Unreal Projects/SoundEscapeWeb/Content/MedievalDungeon/Meshes/Props/SM_Lock_Closed.uasset" 292
"../../../../../../Users/Agape/Documents/Unreal Projects/SoundEscapeWeb/Content/MedievalDungeon/Meshes/Props/SM_Lock_Open.uasset" 293
"../../../../../../Users/Agape/Documents/Unreal Projects/SoundEscapeWeb/Content/_Main/Blueprints/BP_CellDoor.uasset" 294
"../../../../../../Users/Agape/Documents/Unreal Projects/SoundEscapeWeb/Content/_Main/SFX/CloseDoorSound.uasset" 295
"../../../../../../Users/Agape/Documents/Unreal Projects/SoundEscapeWeb/Content/_Main/SFX/OpenDoorSound.uasset" 296
"../../../../../../Users/Agape/Documents/Unreal Projects/SoundEscapeWeb/Content/MedievalDungeon/Textures/T_DoorHardware_Albedo.uasset" 297
"../../../../../../Users/Agape/Documents/Unreal Projects/SoundEscapeWeb/Content/MedievalDungeon/Textures/T_DoorHardware_C.uasset" 298
"../../../../../../Users/Agape/Documents/Unreal Projects/SoundEscapeWeb/Content/MedievalDungeon/Textures/T_DoorHardware_N.uasset" 299
"../../../../../../Users/Agape/Documents/Unreal Projects/SoundEscapeWeb/Content/MedievalDungeon/Materials/M_Door_Hardware_Inst.uasset" 300
"../../../../../../Users/Agape/Documents/Unreal Projects/SoundEscapeWeb/Content/MedievalDungeon/Textures/T_DoorWay_Large_Door_Right_Albedo.uasset" 301
"../../../../../../Users/Agape/Documents/Unreal Projects/SoundEscapeWeb/Content/MedievalDungeon/Textures/T_DoorWay_Large_Door_Right_Normal.uasset" 302
"../../../../../../Users/Agape/Documents/Unreal Projects/SoundEscapeWeb/Content/MedievalDungeon/Textures/T_DoorWay_Large_DoorRight_Compact.uasset" 303
"../../../../../../Users/Agape/Documents/Unreal Projects/SoundEscapeWeb/Content/MedievalDungeon/Materials/M_Doorway_Large_Right_Door_Inst.uasset" 304
"../../../../../../Users/Agape/Documents/Unreal Projects/SoundEscapeWeb/Content/MedievalDungeon/Textures/T_Large_Window_Half_A.uasset" 305
"../../../../../../Users/Agape/Documents/Unreal Projects/SoundEscapeWeb/Content/MedievalDungeon/Textures/T_Large_Window_Half_C.uasset" 306
"../../../../../../Users/Agape/Documents/Unreal Projects/SoundEscapeWeb/Content/MedievalDungeon/Textures/T_Large_Window_Half_N.uasset" 307
"../../../../../../Users/Agape/Documents/Unreal Projects/SoundEscapeWeb/Content/MedievalDungeon/Materials/M_Large_Window_Half_Inst.uasset" 308
"../../../Engine/Content/Functions/Engine_MaterialFunctions02/SafeNormalize.uasset" 309
"../../../Engine/Content/Functions/Engine_MaterialFunctions02/Math/CreateThirdOrthogonalVector.uasset" 310
"../../../Engine/Content/Functions/Engine_MaterialFunctions02/Math/InverseTransformMatrix.uasset" 311
"../../../Engine/Content/Functions/Engine_MaterialFunctions02/Math/TransformToZVector.uasset" 312
"../../../Engine/Content/Functions/Engine_MaterialFunctions02/Utility/VectorLength.uasset" 313
"../../../Engine/Content/EngineVolumetrics/Fogsheet/Materials/T_EV_BlankWhite_01.uasset" 314
"../../../Engine/Content/Functions/Engine_MaterialFunctions01/Texturing/ParallaxOcclusionMapping.uasset" 315
"../../../../../../Users/Agape/Documents/Unreal Projects/SoundEscapeWeb/Content/MedievalDungeon/Materials/M_Tiling_Master.uasset" 316
"../../../../../../Users/Agape/Documents/Unreal Projects/SoundEscapeWeb/Content/MedievalDungeon/Textures/T_StoneWall_A.uasset" 317
"../../../../../../Users/Agape/Documents/Unreal Projects/SoundEscapeWeb/Content/MedievalDungeon/Textures/T_StoneWall_C.uasset" 318
"../../../../../../Users/Agape/Documents/Unreal Projects/SoundEscapeWeb/Content/MedievalDungeon/Textures/T_StoneWall_H.uasset" 319
"../../../../../../Users/Agape/Documents/Unreal Projects/SoundEscapeWeb/Content/MedievalDungeon/Textures/T_StoneWall_N.uasset" 320
"../../../../../../Users/Agape/Documents/Unreal Projects/SoundEscapeWeb/Content/MedievalDungeon/Materials/M_StoneWall_Inst.uasset" 321
"../../../../../../Users/Agape/Documents/Unreal Projects/SoundEscapeWeb/Content/MedievalDungeon/Meshes/Architecture/Dungeon/SM_DoorWay.uasset" 322
"../../../../../../Users/Agape/Documents/Unreal Projects/SoundEscapeWeb/Content/MedievalDungeon/Textures/T_DoorWay_Large_Door_Left_Albedo.uasset" 323
"../../../../../../Users/Agape/Documents/Unreal Projects/SoundEscapeWeb/Content/MedievalDungeon/Textures/T_DoorWay_Large_Door_Left_Compact.uasset" 324
"../../../../../../Users/Agape/Documents/Unreal Projects/SoundEscapeWeb/Content/MedievalDungeon/Textures/T_DoorWay_Large_Door_Left_Normal.uasset" 325
"../../../../../../Users/Agape/Documents/Unreal Projects/SoundEscapeWeb/Content/MedievalDungeon/Materials/M_Doorway_Large_Left_Door_Inst.uasset" 326
"../../../../../../Users/Agape/Documents/Unreal Projects/SoundEscapeWeb/Content/MedievalDungeon/Textures/T_Metal_A.uasset" 327
"../../../../../../Users/Agape/Documents/Unreal Projects/SoundEscapeWeb/Content/MedievalDungeon/Textures/T_Metal_C.uasset" 328
"../../../../../../Users/Agape/Documents/Unreal Projects/SoundEscapeWeb/Content/MedievalDungeon/Textures/T_Metal_N.uasset" 329
"../../../../../../Users/Agape/Documents/Unreal Projects/SoundEscapeWeb/Content/MedievalDungeon/Materials/M_Metal_Decor_Inst.uasset" 330
"../../../../../../Users/Agape/Documents/Unreal Projects/SoundEscapeWeb/Content/MedievalDungeon/Meshes/Architecture/Dungeon/SM_DoorWay_Large_Door_Left.uasset" 331
"../../../../../../Users/Agape/Documents/Unreal Projects/SoundEscapeWeb/Content/MedievalDungeon/Meshes/Architecture/Dungeon/SM_DoorWay_Large_Door_Right.uasset" 332
"../../../../../../Users/Agape/Documents/Unreal Projects/SoundEscapeWeb/Content/_Main/Blueprints/BP_Dungeon_Doorway.uasset" 333
"../../../../../../Users/Agape/Documents/Unreal Projects/SoundEscapeWeb/Content/MedievalDungeon/Textures/T_CandleHolder_Bronze_A.uasset" 334
"../../../../../../Users/Agape/Documents/Unreal Projects/SoundEscapeWeb/Content/MedievalDungeon/Textures/T_CandleHolder_Bronze_C.uasset" 335
"../../../../../../Users/Agape/Documents/Unreal Projects/SoundEscapeWeb/Content/MedievalDungeon/Textures/T_CandleHolder_Bronze_N.uasset" 336
"../../../../../../Users/Agape/Documents/Unreal Projects/SoundEscapeWeb/Content/MedievalDungeon/Materials/M_CandleHolder_Bronze_Inst.uasset" 337
"../../../../../../Users/Agape/Documents/Unreal Projects/SoundEscapeWeb/Content/MedievalDungeon/Meshes/Props/SM_CandleHolder_Bronze.uasset" 338
"../../../../../../Users/Agape/Documents/Unreal Projects/SoundEscapeWeb/Content/_Main/Blueprints/GrabbableObjects/BP_Base_1.uasset" 339
"../../../../../../Users/Agape/Documents/Unreal Projects/SoundEscapeWeb/Content/MedievalDungeon/Textures/T_CandleHolder_Iron_A.uasset" 340
"../../../../../../Users/Agape/Documents/Unreal Projects/SoundEscapeWeb/Content/MedievalDungeon/Textures/T_CandleHolder_Iron_C.uasset" 341
"../../../../../../Users/Agape/Documents/Unreal Projects/SoundEscapeWeb/Content/MedievalDungeon/Textures/T_CandleHolder_Iron_N.uasset" 342
"../../../../../../Users/Agape/Documents/Unreal Projects/SoundEscapeWeb/Content/MedievalDungeon/Materials/M_CandleHolder_Iron_Inst.uasset" 343
"../../../../../../Users/Agape/Documents/Unreal Projects/SoundEscapeWeb/Content/MedievalDungeon/Meshes/Props/SM_CandleHolder_Iron.uasset" 344
"../../../../../../Users/Agape/Documents/Unreal Projects/SoundEscapeWeb/Content/_Main/Blueprints/GrabbableObjects/BP_Base_2.uasset" 345
"../../../../../../Users/Agape/Documents/Unreal Projects/SoundEscapeWeb/Content/MedievalDungeon/Textures/T_Skeleton_Clean_A.uasset" 346
"../../../../../../Users/Agape/Documents/Unreal Projects/SoundEscapeWeb/Content/MedievalDungeon/Textures/T_Skeleton_Clean_C.uasset" 347
"../../../../../../Users/Agape/Documents/Unreal Projects/SoundEscapeWeb/Content/MedievalDungeon/Textures/T_Skeleton_Clean_N.uasset" 348
"../../../../../../Users/Agape/Documents/Unreal Projects/SoundEscapeWeb/Content/MedievalDungeon/Textures/T_Skeleton_Dirty_A.uasset" 349
"../../../../../../Users/Agape/Documents/Unreal Projects/SoundEscapeWeb/Content/MedievalDungeon/Textures/T_Skeleton_Dirty_C.uasset" 350
"../../../../../../Users/Agape/Documents/Unreal Projects/SoundEscapeWeb/Content/MedievalDungeon/Textures/T_Skeleton_Dirty_N.uasset" 351
"../../../../../../Users/Agape/Documents/Unreal Projects/SoundEscapeWeb/Content/MedievalDungeon/Materials/M_Skeleton_Dirty.uasset" 352
"../../../../../../Users/Agape/Documents/Unreal Projects/SoundEscapeWeb/Content/MedievalDungeon/Meshes/Skeletons/SM_Bones_ClavicalRight.uasset" 353
"../../../../../../Users/Agape/Documents/Unreal Projects/SoundEscapeWeb/Content/_Main/Blueprints/GrabbableObjects/BP_Bone_ClavicalRight.uasset" 354
"../../../../../../Users/Agape/Documents/Unreal Projects/SoundEscapeWeb/Content/MedievalDungeon/Meshes/Skeletons/SM_Bones_FemurLeft.uasset" 355
"../../../../../../Users/Agape/Documents/Unreal Projects/SoundEscapeWeb/Content/_Main/Blueprints/GrabbableObjects/BP_Bone_FemurLeft.uasset" 356
"../../../../../../Users/Agape/Documents/Unreal Projects/SoundEscapeWeb/Content/MedievalDungeon/Meshes/Skeletons/SM_Bones_FibulaLeft.uasset" 357
"../../../../../../Users/Agape/Documents/Unreal Projects/SoundEscapeWeb/Content/_Main/Blueprints/GrabbableObjects/BP_Bone_FibulaLeft.uasset" 358
"../../../../../../Users/Agape/Documents/Unreal Projects/SoundEscapeWeb/Content/MedievalDungeon/Meshes/Skeletons/SM_Bones_FootRight.uasset" 359
"../../../../../../Users/Agape/Documents/Unreal Projects/SoundEscapeWeb/Content/_Main/Blueprints/GrabbableObjects/BP_Bone_FootRight.uasset" 360
"../../../../../../Users/Agape/Documents/Unreal Projects/SoundEscapeWeb/Content/MedievalDungeon/Meshes/Skeletons/SM_Bones_RadiusLeft.uasset" 361
"../../../../../../Users/Agape/Documents/Unreal Projects/SoundEscapeWeb/Content/_Main/Blueprints/GrabbableObjects/BP_Bone_RadiusLeft.uasset" 362
"../../../../../../Users/Agape/Documents/Unreal Projects/SoundEscapeWeb/Content/MedievalDungeon/Meshes/Skeletons/SM_Bones_ScapulaLeft.uasset" 363
"../../../../../../Users/Agape/Documents/Unreal Projects/SoundEscapeWeb/Content/_Main/Blueprints/GrabbableObjects/BP_Bone_ScapulaLeft.uasset" 364
"../../../../../../Users/Agape/Documents/Unreal Projects/SoundEscapeWeb/Content/MedievalDungeon/Meshes/Skeletons/SM_Bones_Skull.uasset" 365
"../../../../../../Users/Agape/Documents/Unreal Projects/SoundEscapeWeb/Content/_Main/Blueprints/GrabbableObjects/BP_Bone_Skull.uasset" 366
"../../../../../../Users/Agape/Documents/Unreal Projects/SoundEscapeWeb/Content/MedievalDungeon/Meshes/Skeletons/SM_Bones_TibiaLeft.uasset" 367
"../../../../../../Users/Agape/Documents/Unreal Projects/SoundEscapeWeb/Content/_Main/Blueprints/GrabbableObjects/BP_Bone_TibialLeft.uasset" 368
"../../../../../../Users/Agape/Documents/Unreal Projects/SoundEscapeWeb/Content/MedievalDungeon/Textures/T_CandleStick_Iron_A.uasset" 369
"../../../../../../Users/Agape/Documents/Unreal Projects/SoundEscapeWeb/Content/MedievalDungeon/Textures/T_CandleStick_Iron_C.uasset" 370
"../../../../../../Users/Agape/Documents/Unreal Projects/SoundEscapeWeb/Content/MedievalDungeon/Textures/T_CandleStick_Iron_N.uasset" 371
"../../../../../../Users/Agape/Documents/Unreal Projects/SoundEscapeWeb/Content/MedievalDungeon/Materials/M_CandleStick_Iron_Inst.uasset" 372
"../../../../../../Users/Agape/Documents/Unreal Projects/SoundEscapeWeb/Content/MedievalDungeon/Meshes/Props/SM_CandleStick_Iron.uasset" 373
"../../../../../../Users/Agape/Documents/Unreal Projects/SoundEscapeWeb/Content/_Main/Blueprints/GrabbableObjects/BP_CandleStick.uasset" 374
"../../../../../../Users/Agape/Documents/Unreal Projects/SoundEscapeWeb/Content/MedievalDungeon/Textures/T_Chains_Texturing_A.uasset" 375
"../../../../../../Users/Agape/Documents/Unreal Projects/SoundEscapeWeb/Content/MedievalDungeon/Textures/T_Chains_Texturing_C.uasset" 376
"../../../../../../Users/Agape/Documents/Unreal Projects/SoundEscapeWeb/Content/MedievalDungeon/Textures/T_Chains_Texturing_N.uasset" 377
"../../../../../../Users/Agape/Documents/Unreal Projects/SoundEscapeWeb/Content/MedievalDungeon/Materials/M_Chains_Inst.uasset" 378
"../../../../../../Users/Agape/Documents/Unreal Projects/SoundEscapeWeb/Content/MedievalDungeon/Meshes/Props/SM_Handcuff.uasset" 379
"../../../../../../Users/Agape/Documents/Unreal Projects/SoundEscapeWeb/Content/_Main/Blueprints/GrabbableObjects/BP_Handcuff_1.uasset" 380
"../../../../../../Users/Agape/Documents/Unreal Projects/SoundEscapeWeb/Content/_Main/Blueprints/GrabbableObjects/BP_Handcuff_2.uasset" 381
"../../../../../../Users/Agape/Documents/Unreal Projects/SoundEscapeWeb/Content/MedievalDungeon/Textures/T_Pots_Texturing_A.uasset" 382
"../../../../../../Users/Agape/Documents/Unreal Projects/SoundEscapeWeb/Content/MedievalDungeon/Textures/T_Pots_Texturing_C.uasset" 383
"../../../../../../Users/Agape/Documents/Unreal Projects/SoundEscapeWeb/Content/MedievalDungeon/Textures/T_Pots_Texturing_N.uasset" 384
"../../../../../../Users/Agape/Documents/Unreal Projects/SoundEscapeWeb/Content/MedievalDungeon/Materials/M_Pots_Inst.uasset" 385
"../../../../../../Users/Agape/Documents/Unreal Projects/SoundEscapeWeb/Content/MedievalDungeon/Meshes/Props/SM_Pot_C_Complete.uasset" 386
"../../../../../../Users/Agape/Documents/Unreal Projects/SoundEscapeWeb/Content/_Main/Blueprints/GrabbableObjects/BP_Pillar_1.uasset" 387
"../../../../../../Users/Agape/Documents/Unreal Projects/SoundEscapeWeb/Content/MedievalDungeon/Meshes/Props/SM_Pot_C_Body.uasset" 388
"../../../../../../Users/Agape/Documents/Unreal Projects/SoundEscapeWeb/Content/_Main/Blueprints/GrabbableObjects/BP_Pillar_2.uasset" 389
"../../../../../../Users/Agape/Documents/Unreal Projects/SoundEscapeWeb/Content/MedievalDungeon/Meshes/Props/SM_Pot_B_Body.uasset" 390
"../../../../../../Users/Agape/Documents/Unreal Projects/SoundEscapeWeb/Content/_Main/Blueprints/GrabbableObjects/BP_Pillar_Harmonica.uasset" 391
"../../../../../../Users/Agape/Documents/Unreal Projects/SoundEscapeWeb/Content/MedievalDungeon/Meshes/Props/SM_Pot_B_Lid.uasset" 392
"../../../../../../Users/Agape/Documents/Unreal Projects/SoundEscapeWeb/Content/_Main/Blueprints/GrabbableObjects/BP_PillarCap_Harmonica.uasset" 393
"../../../../../../Users/Agape/Documents/Unreal Projects/SoundEscapeWeb/Content/MedievalDungeon/Textures/T_Wood_A.uasset" 394
"../../../../../../Users/Agape/Documents/Unreal Projects/SoundEscapeWeb/Content/MedievalDungeon/Textures/T_Wood_C.uasset" 395
"../../../../../../Users/Agape/Documents/Unreal Projects/SoundEscapeWeb/Content/MedievalDungeon/Textures/T_Wood_N.uasset" 396
"../../../../../../Users/Agape/Documents/Unreal Projects/SoundEscapeWeb/Content/MedievalDungeon/Materials/M_Wood_Inst.uasset" 397
"../../../../../../Users/Agape/Documents/Unreal Projects/SoundEscapeWeb/Content/MedievalDungeon/Meshes/Props/SM_Wood_C.uasset" 398
"../../../../../../Users/Agape/Documents/Unreal Projects/SoundEscapeWeb/Content/_Main/Blueprints/GrabbableObjects/BP_Wood_1.uasset" 399
"../../../../../../Users/Agape/Documents/Unreal Projects/SoundEscapeWeb/Content/MedievalDungeon/Meshes/Props/SM_Wood_D.uasset" 400
"../../../../../../Users/Agape/Documents/Unreal Projects/SoundEscapeWeb/Content/_Main/Blueprints/GrabbableObjects/BP_Wood_2.uasset" 401
"../../../../../../Users/Agape/Documents/Unreal Projects/SoundEscapeWeb/Content/_Main/Meshes/depositphotos_88819450-stock-photo-seamless-white-wall-texture-or.uasset" 402
"../../../../../../Users/Agape/Documents/Unreal Projects/SoundEscapeWeb/Content/_Main/Meshes/Stands.uasset" 403
"../../../../../../Users/Agape/Documents/Unreal Projects/SoundEscapeWeb/Content/_Main/Meshes/DecorationBowl_albedo.uasset" 404
"../../../../../../Users/Agape/Documents/Unreal Projects/SoundEscapeWeb/Content/_Main/Meshes/DecorationBowl_normal.uasset" 405
"../../../../../../Users/Agape/Documents/Unreal Projects/SoundEscapeWeb/Content/_Main/Meshes/DecorationBowl.uasset" 406
"../../../../../../Users/Agape/Documents/Unreal Projects/SoundEscapeWeb/Content/_Main/Meshes/bowl.uasset" 407
"../../../../../../Users/Agape/Documents/Unreal Projects/SoundEscapeWeb/Content/Geometry/Meshes/CubeMaterial.uasset" 408
"../../../../../../Users/Agape/Documents/Unreal Projects/SoundEscapeWeb/Content/Geometry/Meshes/1M_Cube_Chamfer.uasset" 409
"../../../../../../Users/Agape/Documents/Unreal Projects/SoundEscapeWeb/Content/_Main/Blueprints/ObjectsPuzzle/BP_Base_harmonica.uasset" 410
"../../../../../../Users/Agape/Documents/Unreal Projects/SoundEscapeWeb/Content/_Main/Blueprints/ObjectsPuzzle/BP_Base_Phone.uasset" 411
"../../../../../../Users/Agape/Documents/Unreal Projects/SoundEscapeWeb/Content/_Main/Blueprints/ObjectsPuzzle/BP_Base_violin.uasset" 412
"../../../../../../Users/Agape/Documents/Unreal Projects/SoundEscapeWeb/Content/VirtualReality/Mannequin/Character/Mesh/MannequinHand_Right_Skeleton.uasset" 413
"../../../../../../Users/Agape/Documents/Unreal Projects/SoundEscapeWeb/Content/VirtualReality/Mannequin/Animations/MannequinHand_Right_CanGrab.uasset" 414
"../../../../../../Users/Agape/Documents/Unreal Projects/SoundEscapeWeb/Content/VirtualReality/Mannequin/Animations/MannequinHand_Right_Grab.uasset" 415
"../../../../../../Users/Agape/Documents/Unreal Projects/SoundEscapeWeb/Content/VirtualReality/Mannequin/Animations/MannequinHand_Right_Open.uasset" 416
"../../../../../../Users/Agape/Documents/Unreal Projects/SoundEscapeWeb/Content/VirtualReality/Mannequin/Animations/RightGrip_BS.uasset" 417
"../../../../../../Users/Agape/Documents/Unreal Projects/SoundEscapeWeb/Content/VirtualRealityBP/Blueprints/GripEnum.uasset" 418
"../../../../../../Users/Agape/Documents/Unreal Projects/SoundEscapeWeb/Content/VirtualReality/Mannequin/Animations/RightHand_AnimBP.uasset" 419
"../../../Engine/Content/EditorBlueprintResources/StandardMacros.uasset" 420
"../../../../../../Users/Agape/Documents/Unreal Projects/SoundEscapeWeb/Content/VirtualRealityBP/Blueprints/MotionControllerHaptics.uasset" 421
"../../../Engine/Content/Functions/Engine_MaterialFunctions01/Texturing/ScaleUVsByCenter.uasset" 422
"../../../Engine/Content/Functions/Engine_MaterialFunctions02/ScreenResolution.uasset" 423
"../../../Engine/Content/Functions/Engine_MaterialFunctions02/Texturing/ScreenAlignedUVs.uasset" 424
"../../../Engine/Content/Functions/Engine_MaterialFunctions02/Utility/DepthFromWorldPosition.uasset" 425
"../../../../../../Users/Agape/Documents/Unreal Projects/SoundEscapeWeb/Content/VirtualReality/Materials/MF_OccludedPixels.uasset" 426
"../../../../../../Users/Agape/Documents/Unreal Projects/SoundEscapeWeb/Content/VirtualReality/Materials/TeleportMCP.uasset" 427
"../../../../../../Users/Agape/Documents/Unreal Projects/SoundEscapeWeb/Content/VirtualReality/Materials/M_ArcEndpoint.uasset" 428
"../../../../../../Users/Agape/Documents/Unreal Projects/SoundEscapeWeb/Content/VirtualReality/Materials/M_SplineArcMat.uasset" 429
"../../../../../../Users/Agape/Documents/Unreal Projects/SoundEscapeWeb/Content/VirtualReality/Materials/M_TeleportPreviews.uasset" 430
"../../../../../../Users/Agape/Documents/Unreal Projects/SoundEscapeWeb/Content/VirtualReality/Materials/MI_ChaperoneOutline.uasset" 431
"../../../../../../Users/Agape/Documents/Unreal Projects/SoundEscapeWeb/Content/VirtualReality/Materials/MI_TeleportCylinderPreview.uasset" 432
"../../../Engine/Content/BasicShapes/Cylinder.uasset" 433
"../../../Engine/Content/BasicShapes/Sphere.uasset" 434
"../../../../../../Users/Agape/Documents/Unreal Projects/SoundEscapeWeb/Content/VirtualReality/Mannequin/Character/Textures/UE4_Mannequin__normals.uasset" 435
"../../../../../../Users/Agape/Documents/Unreal Projects/SoundEscapeWeb/Content/VirtualReality/Mannequin/Character/Textures/UE4_Mannequin_MAT_MASKA.uasset" 436
"../../../../../../Users/Agape/Documents/Unreal Projects/SoundEscapeWeb/Content/VirtualReality/Mannequin/Character/Materials/M_HandMat.uasset" 437
"../../../../../../Users/Agape/Documents/Unreal Projects/SoundEscapeWeb/Content/VirtualReality/Mannequin/Character/Mesh/MannequinHand_Right_PhysicsAsset.uasset" 438
"../../../../../../Users/Agape/Documents/Unreal Projects/SoundEscapeWeb/Content/VirtualReality/Mannequin/Character/Mesh/MannequinHand_Right.uasset" 439
"../../../../../../Users/Agape/Documents/Unreal Projects/SoundEscapeWeb/Content/VirtualReality/Meshes/1x1_cube.uasset" 440
"../../../../../../Users/Agape/Documents/Unreal Projects/SoundEscapeWeb/Content/VirtualReality/Meshes/BeaconDirection.uasset" 441
"../../../../../../Users/Agape/Documents/Unreal Projects/SoundEscapeWeb/Content/VirtualReality/Meshes/BeamMesh.uasset" 442
"../../../../../../Users/Agape/Documents/Unreal Projects/SoundEscapeWeb/Content/VirtualReality/Meshes/SM_FatCylinder.uasset" 443
"../../../../../../Users/Agape/Documents/Unreal Projects/SoundEscapeWeb/Content/VirtualRealityBP/Blueprints/BP_MotionController.uasset" 444
"../../../../../../Users/Agape/Documents/Unreal Projects/SoundEscapeWeb/Content/_Main/Meshes/buttonmat.uasset" 445
"../../../../../../Users/Agape/Documents/Unreal Projects/SoundEscapeWeb/Content/_Main/Meshes/button.uasset" 446
"../../../../../../Users/Agape/Documents/Unreal Projects/SoundEscapeWeb/Content/_Main/Blueprints/ObjectsPuzzle/BP_Button_Harmonica.uasset" 447
"../../../../../../Users/Agape/Documents/Unreal Projects/SoundEscapeWeb/Content/_Main/Blueprints/ObjectsPuzzle/BP_Button_Phone.uasset" 448
"../../../../../../Users/Agape/Documents/Unreal Projects/SoundEscapeWeb/Content/_Main/Blueprints/ObjectsPuzzle/BP_Button_Violin.uasset" 449
"../../../../../../Users/Agape/Documents/Unreal Projects/SoundEscapeWeb/Content/_Main/Blueprints/ObjectsPuzzle/BP_WinObjectPuzzle.uasset" 450
"../../../Engine/Content/BasicShapes/Cube.uasset" 451
"../../../../../../Users/Agape/Documents/Unreal Projects/SoundEscapeWeb/Content/_Main/SFX/C.uasset" 452
"../../../../../../Users/Agape/Documents/Unreal Projects/SoundEscapeWeb/Content/_Main/Blueprints/PianoPuzzle/BP_Box1.uasset" 453
"../../../../../../Users/Agape/Documents/Unreal Projects/SoundEscapeWeb/Content/_Main/SFX/D.uasset" 454
"../../../../../../Users/Agape/Documents/Unreal Projects/SoundEscapeWeb/Content/_Main/Blueprints/PianoPuzzle/BP_Box2.uasset" 455
"../../../../../../Users/Agape/Documents/Unreal Projects/SoundEscapeWeb/Content/_Main/SFX/E.uasset" 456
"../../../../../../Users/Agape/Documents/Unreal Projects/SoundEscapeWeb/Content/_Main/Blueprints/PianoPuzzle/BP_Box3.uasset" 457
"../../../../../../Users/Agape/Documents/Unreal Projects/SoundEscapeWeb/Content/_Main/SFX/F.uasset" 458
"../../../../../../Users/Agape/Documents/Unreal Projects/SoundEscapeWeb/Content/_Main/Blueprints/PianoPuzzle/BP_Box4.uasset" 459
"../../../../../../Users/Agape/Documents/Unreal Projects/SoundEscapeWeb/Content/_Main/SFX/PipeSound.uasset" 460
"../../../../../../Users/Agape/Documents/Unreal Projects/SoundEscapeWeb/Content/_Main/SFX/PipeSound_Cue.uasset" 461
"../../../../../../Users/Agape/Documents/Unreal Projects/SoundEscapeWeb/Content/_Main/Blueprints/PipesPuzzle/BP_Button_PipesSound.uasset" 462
"../../../../../../Users/Agape/Documents/Unreal Projects/SoundEscapeWeb/Content/_Main/Meshes/Pipes/textures/ind_pipe_medium_01_mt_BaseColor.uasset" 463
"../../../../../../Users/Agape/Documents/Unreal Projects/SoundEscapeWeb/Content/_Main/Meshes/Pipes/Materials/ind_pipe_medium_01_mt_002.uasset" 464
"../../../../../../Users/Agape/Documents/Unreal Projects/SoundEscapeWeb/Content/_Main/Meshes/Pipes/pipeMedium2.uasset" 465
"../../../../../../Users/Agape/Documents/Unreal Projects/SoundEscapeWeb/Content/_Main/Blueprints/PipesPuzzle/Pipe1.uasset" 466
"../../../../../../Users/Agape/Documents/Unreal Projects/SoundEscapeWeb/Content/_Main/Blueprints/PipesPuzzle/Pipe2.uasset" 467
"../../../../../../Users/Agape/Documents/Unreal Projects/SoundEscapeWeb/Content/_Main/Blueprints/PipesPuzzle/Pipe3.uasset" 468
"../../../../../../Users/Agape/Documents/Unreal Projects/SoundEscapeWeb/Content/_Main/Blueprints/PipesPuzzle/Pipe4.uasset" 469
"../../../../../../Users/Agape/Documents/Unreal Projects/SoundEscapeWeb/Content/MedievalDungeon/Textures/T_Candles_A.uasset" 470
"../../../../../../Users/Agape/Documents/Unreal Projects/SoundEscapeWeb/Content/MedievalDungeon/Textures/T_Candles_C.uasset" 471
"../../../../../../Users/Agape/Documents/Unreal Projects/SoundEscapeWeb/Content/MedievalDungeon/Textures/T_Candles_N.uasset" 472
"../../../../../../Users/Agape/Documents/Unreal Projects/SoundEscapeWeb/Content/MedievalDungeon/Materials/M_Candles_Master.uasset" 473
"../../../../../../Users/Agape/Documents/Unreal Projects/SoundEscapeWeb/Content/MedievalDungeon/Materials/M_Candles_Inst.uasset" 474
"../../../../../../Users/Agape/Documents/Unreal Projects/SoundEscapeWeb/Content/MedievalDungeon/Meshes/Props/SM_Candle.uasset" 475
"../../../../../../Users/Agape/Documents/Unreal Projects/SoundEscapeWeb/Content/MedievalDungeon/Particles/Textures/T_CandleFlame.uasset" 476
"../../../../../../Users/Agape/Documents/Unreal Projects/SoundEscapeWeb/Content/MedievalDungeon/Particles/Materials/M_CandleFlame.uasset" 477
"../../../../../../Users/Agape/Documents/Unreal Projects/SoundEscapeWeb/Content/MedievalDungeon/Particles/PS_CandleFlame.uasset" 478
"../../../../../../Users/Agape/Documents/Unreal Projects/SoundEscapeWeb/Content/MedievalDungeon/Blueprints/BP_Candle.uasset" 479
"../../../../../../Users/Agape/Documents/Unreal Projects/SoundEscapeWeb/Content/MedievalDungeon/Textures/T_Candle_Holder_A.uasset" 480
"../../../../../../Users/Agape/Documents/Unreal Projects/SoundEscapeWeb/Content/MedievalDungeon/Textures/T_Candle_Holder_C.uasset" 481
"../../../../../../Users/Agape/Documents/Unreal Projects/SoundEscapeWeb/Content/MedievalDungeon/Textures/T_Candle_Holder_N.uasset" 482
"../../../../../../Users/Agape/Documents/Unreal Projects/SoundEscapeWeb/Content/MedievalDungeon/Materials/M_Candle_Holder_Inst.uasset" 483
"../../../../../../Users/Agape/Documents/Unreal Projects/SoundEscapeWeb/Content/MedievalDungeon/Meshes/Props/SM_Candle_Holder.uasset" 484
"../../../../../../Users/Agape/Documents/Unreal Projects/SoundEscapeWeb/Content/MedievalDungeon/Meshes/Props/SM_Candle_Used_A.uasset" 485
"../../../../../../Users/Agape/Documents/Unreal Projects/SoundEscapeWeb/Content/MedievalDungeon/Meshes/Props/SM_Candle_Used_B.uasset" 486
"../../../../../../Users/Agape/Documents/Unreal Projects/SoundEscapeWeb/Content/MedievalDungeon/Meshes/Props/SM_Candle_Used_C.uasset" 487
"../../../../../../Users/Agape/Documents/Unreal Projects/SoundEscapeWeb/Content/MedievalDungeon/Blueprints/BP_Candle_Holder.uasset" 488
"../../../../../../Users/Agape/Documents/Unreal Projects/SoundEscapeWeb/Content/MedievalDungeon/Blueprints/BP_Candle_Used_A.uasset" 489
"../../../../../../Users/Agape/Documents/Unreal Projects/SoundEscapeWeb/Content/MedievalDungeon/Blueprints/BP_Candle_Used_B.uasset" 490
"../../../../../../Users/Agape/Documents/Unreal Projects/SoundEscapeWeb/Content/MedievalDungeon/Blueprints/BP_Candle_Used_C.uasset" 491
"../../../../../../Users/Agape/Documents/Unreal Projects/SoundEscapeWeb/Content/MedievalDungeon/Blueprints/BP_CandleHolder_Bronze.uasset" 492
"../../../../../../Users/Agape/Documents/Unreal Projects/SoundEscapeWeb/Content/MedievalDungeon/Blueprints/BP_CandleHolder_Iron.uasset" 493
"../../../../../../Users/Agape/Documents/Unreal Projects/SoundEscapeWeb/Content/MedievalDungeon/Textures/T_CandleStick_Bronze_A.uasset" 494
"../../../../../../Users/Agape/Documents/Unreal Projects/SoundEscapeWeb/Content/MedievalDungeon/Textures/T_CandleStick_Bronze_C.uasset" 495
"../../../../../../Users/Agape/Documents/Unreal Projects/SoundEscapeWeb/Content/MedievalDungeon/Textures/T_CandleStick_Bronze_N.uasset" 496
"../../../../../../Users/Agape/Documents/Unreal Projects/SoundEscapeWeb/Content/MedievalDungeon/Materials/M_CandleStick_Bronze_Inst.uasset" 497
"../../../../../../Users/Agape/Documents/Unreal Projects/SoundEscapeWeb/Content/MedievalDungeon/Blueprints/BP_CandleStick_Bronze.uasset" 498
"../../../../../../Users/Agape/Documents/Unreal Projects/SoundEscapeWeb/Content/MedievalDungeon/Blueprints/BP_CandleStick_Iron.uasset" 499
"../../../../../../Users/Agape/Documents/Unreal Projects/SoundEscapeWeb/Content/MedievalDungeon/Materials/M_Flicker_Light_Function.uasset" 500
"../../../../../../Users/Agape/Documents/Unreal Projects/SoundEscapeWeb/Content/MedievalDungeon/Textures/T_Chandelier_A.uasset" 501
"../../../../../../Users/Agape/Documents/Unreal Projects/SoundEscapeWeb/Content/MedievalDungeon/Textures/T_Chandelier_C.uasset" 502
"../../../../../../Users/Agape/Documents/Unreal Projects/SoundEscapeWeb/Content/MedievalDungeon/Textures/T_Chandelier_N.uasset" 503
"../../../../../../Users/Agape/Documents/Unreal Projects/SoundEscapeWeb/Content/MedievalDungeon/Materials/M_Chandlier_Inst.uasset" 504
"../../../../../../Users/Agape/Documents/Unreal Projects/SoundEscapeWeb/Content/MedievalDungeon/Meshes/Props/SM_Chandelier.uasset" 505
"../../../../../../Users/Agape/Documents/Unreal Projects/SoundEscapeWeb/Content/MedievalDungeon/Blueprints/BP_Chandalier.uasset" 506
"../../../../../../Users/Agape/Documents/Unreal Projects/SoundEscapeWeb/Content/MedievalDungeon/Materials/M_Torch_Flicker_Light_Function.uasset" 507
"../../../../../../Users/Agape/Documents/Unreal Projects/SoundEscapeWeb/Content/MedievalDungeon/Textures/T_Half_Arch_A.uasset" 508
"../../../../../../Users/Agape/Documents/Unreal Projects/SoundEscapeWeb/Content/MedievalDungeon/Textures/T_Half_Arch_C.uasset" 509
"../../../../../../Users/Agape/Documents/Unreal Projects/SoundEscapeWeb/Content/MedievalDungeon/Textures/T_Half_Arch_N.uasset" 510
"../../../../../../Users/Agape/Documents/Unreal Projects/SoundEscapeWeb/Content/MedievalDungeon/Materials/M_Half_Arch_Inst.uasset" 511
"../../../../../../Users/Agape/Documents/Unreal Projects/SoundEscapeWeb/Content/MedievalDungeon/Textures/T_Torch_A.uasset" 512
"../../../../../../Users/Agape/Documents/Unreal Projects/SoundEscapeWeb/Content/MedievalDungeon/Textures/T_Torch_C.uasset" 513
"../../../../../../Users/Agape/Documents/Unreal Projects/SoundEscapeWeb/Content/MedievalDungeon/Textures/T_Torch_N.uasset" 514
"../../../../../../Users/Agape/Documents/Unreal Projects/SoundEscapeWeb/Content/MedievalDungeon/Materials/M_Torch_Inst.uasset" 515
"../../../../../../Users/Agape/Documents/Unreal Projects/SoundEscapeWeb/Content/MedievalDungeon/Meshes/Props/SM_Torch.uasset" 516
"../../../../../../Users/Agape/Documents/Unreal Projects/SoundEscapeWeb/Content/MedievalDungeon/Particles/Textures/T_Fire_SubUV.uasset" 517
"../../../../../../Users/Agape/Documents/Unreal Projects/SoundEscapeWeb/Content/MedievalDungeon/Particles/Textures/T_Fire_Tiled_D.uasset" 518
"../../../../../../Users/Agape/Documents/Unreal Projects/SoundEscapeWeb/Content/MedievalDungeon/Particles/Materials/M_Fire_SubUV.uasset" 519
"../../../../../../Users/Agape/Documents/Unreal Projects/SoundEscapeWeb/Content/MedievalDungeon/Textures/T_Water_N.uasset" 520
"../../../../../../Users/Agape/Documents/Unreal Projects/SoundEscapeWeb/Content/MedievalDungeon/Particles/Materials/M_Heat_Distortion.uasset" 521
"../../../Engine/Content/Functions/Engine_MaterialFunctions01/Gradient/RadialGradient.uasset" 522
"../../../../../../Users/Agape/Documents/Unreal Projects/SoundEscapeWeb/Content/MedievalDungeon/Particles/Materials/M_Radial_Gradient.uasset" 523
"../../../../../../Users/Agape/Documents/Unreal Projects/SoundEscapeWeb/Content/MedievalDungeon/Particles/Textures/T_Smoke_SubUV.uasset" 524
"../../../../../../Users/Agape/Documents/Unreal Projects/SoundEscapeWeb/Content/MedievalDungeon/Particles/Textures/T_Smoke_Tiled_D.uasset" 525
"../../../../../../Users/Agape/Documents/Unreal Projects/SoundEscapeWeb/Content/MedievalDungeon/Particles/Materials/M_smoke_subUV.uasset" 526
"../../../../../../Users/Agape/Documents/Unreal Projects/SoundEscapeWeb/Content/MedievalDungeon/Particles/P_Torch_Fire.uasset" 527
"../../../../../../Users/Agape/Documents/Unreal Projects/SoundEscapeWeb/Content/MedievalDungeon/Blueprints/BP_Torch.uasset" 528
"../../../../../../Users/Agape/Documents/Unreal Projects/SoundEscapeWeb/Content/_Main/Blueprints/Crosshair.uasset" 529
"../../../../../../Users/Agape/Documents/Unreal Projects/SoundEscapeWeb/Content/ThirdPersonBP/Blueprints/ThirdPersonGameMode.uasset" 530
"../../../../../../Users/Agape/Documents/Unreal Projects/SoundEscapeWeb/Content/_Main/Maps/FirstLevel_BuiltData.uasset" 531
"../../../Engine/Content/BasicShapes/BasicShapeMaterial.uasset" 532
"../../../Engine/Content/BasicShapes/Plane.uasset" 533
"../../../../../../Users/Agape/Documents/Unreal Projects/SoundEscapeWeb/Content/_Main/Meshes/Piano/ao_piano.uasset" 534
"../../../../../../Users/Agape/Documents/Unreal Projects/SoundEscapeWeb/Content/_Main/Meshes/Piano/metall_piano.uasset" 535
"../../../../../../Users/Agape/Documents/Unreal Projects/SoundEscapeWeb/Content/_Main/Meshes/Piano/piano_lambert1_BaseColor.uasset" 536
"../../../../../../Users/Agape/Documents/Unreal Projects/SoundEscapeWeb/Content/_Main/Meshes/Piano/piano_lambert1_Normal.uasset" 537
"../../../../../../Users/Agape/Documents/Unreal Projects/SoundEscapeWeb/Content/_Main/Meshes/Piano/roughness_piano.uasset" 538
"../../../../../../Users/Agape/Documents/Unreal Projects/SoundEscapeWeb/Content/_Main/Meshes/Piano/lambert13.uasset" 539
"../../../../../../Users/Agape/Documents/Unreal Projects/SoundEscapeWeb/Content/_Main/Meshes/Piano/piano1.uasset" 540
"../../../../../../Users/Agape/Documents/Unreal Projects/SoundEscapeWeb/Content/_Main/Meshes/Pipes/Materials/ind_pipe_medium_01_mt_001.uasset" 541
"../../../../../../Users/Agape/Documents/Unreal Projects/SoundEscapeWeb/Content/_Main/Meshes/Pipes/pipeMedium.uasset" 542
"../../../../../../Users/Agape/Documents/Unreal Projects/SoundEscapeWeb/Content/_Main/Meshes/Pipes/textures/ind_pipe_small_01_mt_BaseColor.uasset" 543
"../../../../../../Users/Agape/Documents/Unreal Projects/SoundEscapeWeb/Content/_Main/Meshes/Pipes/Materials/ind_pipe_small_01_mt_003.uasset" 544
"../../../../../../Users/Agape/Documents/Unreal Projects/SoundEscapeWeb/Content/_Main/Meshes/Pipes/pipeSmall.uasset" 545
"../../../../../../Users/Agape/Documents/Unreal Projects/SoundEscapeWeb/Content/_Main/Music/MusicFirstMelody.uasset" 546
"../../../../../../Users/Agape/Documents/Unreal Projects/SoundEscapeWeb/Content/_Main/Music/MusicFirstMelody_Cue.uasset" 547
"../../../../../../Users/Agape/Documents/Unreal Projects/SoundEscapeWeb/Content/MedievalDungeon/Textures/T_Crypt_Wall_Decorative_D_A.uasset" 548
"../../../../../../Users/Agape/Documents/Unreal Projects/SoundEscapeWeb/Content/MedievalDungeon/Textures/T_Crypt_Wall_Decorative_D_C.uasset" 549
"../../../../../../Users/Agape/Documents/Unreal Projects/SoundEscapeWeb/Content/MedievalDungeon/Textures/T_Crypt_Wall_Decorative_D_N.uasset" 550
"../../../../../../Users/Agape/Documents/Unreal Projects/SoundEscapeWeb/Content/MedievalDungeon/Materials/M_Crypt_Wall_Decorative_D_Inst.uasset" 551
"../../../../../../Users/Agape/Documents/Unreal Projects/SoundEscapeWeb/Content/MedievalDungeon/Textures/T_Edge_Stones_And_Straight_Column_Texturing_Albedo.uasset" 552
"../../../../../../Users/Agape/Documents/Unreal Projects/SoundEscapeWeb/Content/MedievalDungeon/Textures/T_Edge_Stones_And_Straight_Column_Texturing_Compact.uasset" 553
"../../../../../../Users/Agape/Documents/Unreal Projects/SoundEscapeWeb/Content/MedievalDungeon/Textures/T_Edge_Stones_And_Straight_Column_Texturing_Normal.uasset" 554
"../../../../../../Users/Agape/Documents/Unreal Projects/SoundEscapeWeb/Content/MedievalDungeon/Materials/M_Edge_Stones_Inst.uasset" 555
"../../../../../../Users/Agape/Documents/Unreal Projects/SoundEscapeWeb/Content/MedievalDungeon/Meshes/Architecture/Crypt/SM_Crypt_Wall_Decorative_D.uasset" 556
"../../../../../../Users/Agape/Documents/Unreal Projects/SoundEscapeWeb/Content/MedievalDungeon/Meshes/Architecture/Crypt/SM_Crypt_Wall_Floor_Trim.uasset" 557
"../../../../../../Users/Agape/Documents/Unreal Projects/SoundEscapeWeb/Content/MedievalDungeon/Textures/T_Mausoleum_Part_A_A.uasset" 558
"../../../../../../Users/Agape/Documents/Unreal Projects/SoundEscapeWeb/Content/MedievalDungeon/Textures/T_Mausoleum_Part_A_C.uasset" 559
"../../../../../../Users/Agape/Documents/Unreal Projects/SoundEscapeWeb/Content/MedievalDungeon/Textures/T_Mausoleum_Part_A_N.uasset" 560
"../../../../../../Users/Agape/Documents/Unreal Projects/SoundEscapeWeb/Content/MedievalDungeon/Materials/M_Mausoleum_Part_A_Inst.uasset" 561
"../../../../../../Users/Agape/Documents/Unreal Projects/SoundEscapeWeb/Content/MedievalDungeon/Textures/T_Mausoleum_Part_B_A.uasset" 562
"../../../../../../Users/Agape/Documents/Unreal Projects/SoundEscapeWeb/Content/MedievalDungeon/Textures/T_Mausoleum_Part_B_C.uasset" 563
"../../../../../../Users/Agape/Documents/Unreal Projects/SoundEscapeWeb/Content/MedievalDungeon/Textures/T_Mausoleum_Part_B_N.uasset" 564
"../../../../../../Users/Agape/Documents/Unreal Projects/SoundEscapeWeb/Content/MedievalDungeon/Materials/M_Mausoleum_Part_B_Inst.uasset" 565
"../../../../../../Users/Agape/Documents/Unreal Projects/SoundEscapeWeb/Content/MedievalDungeon/Textures/T_Tiling_Plaster_A.uasset" 566
"../../../../../../Users/Agape/Documents/Unreal Projects/SoundEscapeWeb/Content/MedievalDungeon/Textures/T_Tiling_Plaster_C.uasset" 567
"../../../../../../Users/Agape/Documents/Unreal Projects/SoundEscapeWeb/Content/MedievalDungeon/Textures/T_Tiling_Plaster_N.uasset" 568
"../../../../../../Users/Agape/Documents/Unreal Projects/SoundEscapeWeb/Content/MedievalDungeon/Materials/M_Tiling_Plaster_Inst.uasset" 569
"../../../../../../Users/Agape/Documents/Unreal Projects/SoundEscapeWeb/Content/MedievalDungeon/Meshes/Architecture/Crypt/SM_Mausoleum.uasset" 570
"../../../../../../Users/Agape/Documents/Unreal Projects/SoundEscapeWeb/Content/MedievalDungeon/Textures/T_Mausoleum_Ceiling_A.uasset" 571
"../../../../../../Users/Agape/Documents/Unreal Projects/SoundEscapeWeb/Content/MedievalDungeon/Textures/T_Mausoleum_Ceiling_C.uasset" 572
"../../../../../../Users/Agape/Documents/Unreal Projects/SoundEscapeWeb/Content/MedievalDungeon/Textures/T_Mausoleum_Ceiling_N.uasset" 573
"../../../../../../Users/Agape/Documents/Unreal Projects/SoundEscapeWeb/Content/MedievalDungeon/Materials/M_Mausoleum_Ceiling_Inst.uasset" 574
"../../../../../../Users/Agape/Documents/Unreal Projects/SoundEscapeWeb/Content/MedievalDungeon/Meshes/Architecture/Crypt/SM_Mausoleum_Ceiling.uasset" 575
"../../../../../../Users/Agape/Documents/Unreal Projects/SoundEscapeWeb/Content/MedievalDungeon/Meshes/Architecture/Dungeon/SM_Ceiling.uasset" 576
"../../../../../../Users/Agape/Documents/Unreal Projects/SoundEscapeWeb/Content/MedievalDungeon/Textures/T_Ceiling_Arch_Albedo.uasset" 577
"../../../../../../Users/Agape/Documents/Unreal Projects/SoundEscapeWeb/Content/MedievalDungeon/Textures/T_Ceiling_Arch_Compact.uasset" 578
"../../../../../../Users/Agape/Documents/Unreal Projects/SoundEscapeWeb/Content/MedievalDungeon/Textures/T_Ceiling_Arch_Normal.uasset" 579
"../../../../../../Users/Agape/Documents/Unreal Projects/SoundEscapeWeb/Content/MedievalDungeon/Materials/M_Ceiling_Arch_Inst.uasset" 580
"../../../../../../Users/Agape/Documents/Unreal Projects/SoundEscapeWeb/Content/MedievalDungeon/Meshes/Architecture/Dungeon/SM_Ceiling_Arch_A.uasset" 581
"../../../../../../Users/Agape/Documents/Unreal Projects/SoundEscapeWeb/Content/MedievalDungeon/Meshes/Architecture/Dungeon/SM_Ceiling_Flat.uasset" 582
"../../../../../../Users/Agape/Documents/Unreal Projects/SoundEscapeWeb/Content/MedievalDungeon/Meshes/Architecture/Dungeon/SM_Cell_Front.uasset" 583
"../../../../../../Users/Agape/Documents/Unreal Projects/SoundEscapeWeb/Content/MedievalDungeon/Textures/T_Cell_Side_A.uasset" 584
"../../../../../../Users/Agape/Documents/Unreal Projects/SoundEscapeWeb/Content/MedievalDungeon/Textures/T_Cell_Side_C.uasset" 585
"../../../../../../Users/Agape/Documents/Unreal Projects/SoundEscapeWeb/Content/MedievalDungeon/Textures/T_Cell_Side_N.uasset" 586
"../../../../../../Users/Agape/Documents/Unreal Projects/SoundEscapeWeb/Content/MedievalDungeon/Materials/M_Cell_Side_Inst.uasset" 587
"../../../../../../Users/Agape/Documents/Unreal Projects/SoundEscapeWeb/Content/MedievalDungeon/Meshes/Architecture/Dungeon/SM_Cell_Side.uasset" 588
"../../../../../../Users/Agape/Documents/Unreal Projects/SoundEscapeWeb/Content/MedievalDungeon/Meshes/Architecture/Dungeon/SM_Dungeon_Wall.uasset" 589
"../../../../../../Users/Agape/Documents/Unreal Projects/SoundEscapeWeb/Content/MedievalDungeon/Meshes/Architecture/Dungeon/SM_Dungeon_Wall_Half.uasset" 590
"../../../../../../Users/Agape/Documents/Unreal Projects/SoundEscapeWeb/Content/MedievalDungeon/Textures/T_BrickFloor_Clean_A.uasset" 591
"../../../../../../Users/Agape/Documents/Unreal Projects/SoundEscapeWeb/Content/MedievalDungeon/Textures/T_BrickFloor_Clean_C.uasset" 592
"../../../../../../Users/Agape/Documents/Unreal Projects/SoundEscapeWeb/Content/MedievalDungeon/Textures/T_BrickFloor_Clean_H.uasset" 593
"../../../../../../Users/Agape/Documents/Unreal Projects/SoundEscapeWeb/Content/MedievalDungeon/Textures/T_BrickFloor_Clean_N.uasset" 594
"../../../../../../Users/Agape/Documents/Unreal Projects/SoundEscapeWeb/Content/MedievalDungeon/Materials/M_BrickFloor_Clean_Inst.uasset" 595
"../../../../../../Users/Agape/Documents/Unreal Projects/SoundEscapeWeb/Content/MedievalDungeon/Meshes/Architecture/Dungeon/SM_Floor.uasset" 596
"../../../../../../Users/Agape/Documents/Unreal Projects/SoundEscapeWeb/Content/MedievalDungeon/Meshes/Architecture/Dungeon/SM_Half_Arch.uasset" 597
"../../../../../../Users/Agape/Documents/Unreal Projects/SoundEscapeWeb/Content/MedievalDungeon/Textures/T_Pillar_A.uasset" 598
"../../../../../../Users/Agape/Documents/Unreal Projects/SoundEscapeWeb/Content/MedievalDungeon/Textures/T_Pillar_C.uasset" 599
"../../../../../../Users/Agape/Documents/Unreal Projects/SoundEscapeWeb/Content/MedievalDungeon/Textures/T_Pillar_N.uasset" 600
"../../../../../../Users/Agape/Documents/Unreal Projects/SoundEscapeWeb/Content/MedievalDungeon/Materials/M_Pillar_Inst.uasset" 601
"../../../../../../Users/Agape/Documents/Unreal Projects/SoundEscapeWeb/Content/MedievalDungeon/Meshes/Architecture/Dungeon/SM_Pillar.uasset" 602
"../../../../../../Users/Agape/Documents/Unreal Projects/SoundEscapeWeb/Content/MedievalDungeon/Meshes/Architecture/Dungeon/SM_Wall_Floor_Trim.uasset" 603
"../../../../../../Users/Agape/Documents/Unreal Projects/SoundEscapeWeb/Content/MedievalDungeon/Textures/T_Stone_Altar_A.uasset" 604
"../../../../../../Users/Agape/Documents/Unreal Projects/SoundEscapeWeb/Content/MedievalDungeon/Textures/T_Stone_Altar_C.uasset" 605
"../../../../../../Users/Agape/Documents/Unreal Projects/SoundEscapeWeb/Content/MedievalDungeon/Textures/T_Stone_Altar_N.uasset" 606
"../../../../../../Users/Agape/Documents/Unreal Projects/SoundEscapeWeb/Content/MedievalDungeon/Materials/M_Stone_Altar_Inst.uasset" 607
"../../../../../../Users/Agape/Documents/Unreal Projects/SoundEscapeWeb/Content/MedievalDungeon/Meshes/Props/SM_Alter.uasset" 608
"../../../../../../Users/Agape/Documents/Unreal Projects/SoundEscapeWeb/Content/MedievalDungeon/Meshes/Props/SM_Ball_And_Chain.uasset" 609
"../../../../../../Users/Agape/Documents/Unreal Projects/SoundEscapeWeb/Content/MedievalDungeon/Textures/T_Bed_A.uasset" 610
"../../../../../../Users/Agape/Documents/Unreal Projects/SoundEscapeWeb/Content/MedievalDungeon/Textures/T_Bed_C.uasset" 611
"../../../../../../Users/Agape/Documents/Unreal Projects/SoundEscapeWeb/Content/MedievalDungeon/Textures/T_Bed_N.uasset" 612
"../../../../../../Users/Agape/Documents/Unreal Projects/SoundEscapeWeb/Content/MedievalDungeon/Materials/M_Bed_Inst.uasset" 613
"../../../../../../Users/Agape/Documents/Unreal Projects/SoundEscapeWeb/Content/MedievalDungeon/Meshes/Props/SM_Bed.uasset" 614
"../../../../../../Users/Agape/Documents/Unreal Projects/SoundEscapeWeb/Content/MedievalDungeon/Meshes/Props/SM_Decor_Chains_A.uasset" 615
"../../../../../../Users/Agape/Documents/Unreal Projects/SoundEscapeWeb/Content/MedievalDungeon/Meshes/Props/SM_Decor_Ring.uasset" 616
"../../../../../../Users/Agape/Documents/Unreal Projects/SoundEscapeWeb/Content/MedievalDungeon/Textures/T_Dirt_Mound_Texturing_A.uasset" 617
"../../../../../../Users/Agape/Documents/Unreal Projects/SoundEscapeWeb/Content/MedievalDungeon/Textures/T_Dirt_Mound_Texturing_C.uasset" 618
"../../../../../../Users/Agape/Documents/Unreal Projects/SoundEscapeWeb/Content/MedievalDungeon/Textures/T_Dirt_Mound_Texturing_N.uasset" 619
"../../../../../../Users/Agape/Documents/Unreal Projects/SoundEscapeWeb/Content/MedievalDungeon/Materials/M_Dirt_Mounds_Inst.uasset" 620
"../../../../../../Users/Agape/Documents/Unreal Projects/SoundEscapeWeb/Content/MedievalDungeon/Meshes/Props/SM_Dirt_Mound_A.uasset" 621
"../../../../../../Users/Agape/Documents/Unreal Projects/SoundEscapeWeb/Content/MedievalDungeon/Meshes/Props/SM_Dirt_Mound_B.uasset" 622
"../../../../../../Users/Agape/Documents/Unreal Projects/SoundEscapeWeb/Content/MedievalDungeon/Meshes/Props/SM_Dirt_Mound_C.uasset" 623
"../../../../../../Users/Agape/Documents/Unreal Projects/SoundEscapeWeb/Content/MedievalDungeon/Meshes/Props/SM_Dirt_Mound_D.uasset" 624
"../../../../../../Users/Agape/Documents/Unreal Projects/SoundEscapeWeb/Content/MedievalDungeon/Textures/T_Gargoyle_A.uasset" 625
"../../../../../../Users/Agape/Documents/Unreal Projects/SoundEscapeWeb/Content/MedievalDungeon/Textures/T_Gargoyle_C.uasset" 626
"../../../../../../Users/Agape/Documents/Unreal Projects/SoundEscapeWeb/Content/MedievalDungeon/Textures/T_Gargoyle_N.uasset" 627
"../../../../../../Users/Agape/Documents/Unreal Projects/SoundEscapeWeb/Content/MedievalDungeon/Materials/M_Gargoyle_Inst.uasset" 628
"../../../../../../Users/Agape/Documents/Unreal Projects/SoundEscapeWeb/Content/MedievalDungeon/Textures/T_Gargoyle_Stand_A.uasset" 629
"../../../../../../Users/Agape/Documents/Unreal Projects/SoundEscapeWeb/Content/MedievalDungeon/Textures/T_Gargoyle_Stand_C.uasset" 630
"../../../../../../Users/Agape/Documents/Unreal Projects/SoundEscapeWeb/Content/MedievalDungeon/Textures/T_Gargoyle_Stand_N.uasset" 631
"../../../../../../Users/Agape/Documents/Unreal Projects/SoundEscapeWeb/Content/MedievalDungeon/Materials/M_Gargoyle_Stand_Inst.uasset" 632
"../../../../../../Users/Agape/Documents/Unreal Projects/SoundEscapeWeb/Content/MedievalDungeon/Meshes/Props/SM_Gargoyle_Statue_On_Stand.uasset" 633
"../../../../../../Users/Agape/Documents/Unreal Projects/SoundEscapeWeb/Content/MedievalDungeon/Meshes/Props/SM_Gargoyle_Statue_Stand.uasset" 634
"../../../../../../Users/Agape/Documents/Unreal Projects/SoundEscapeWeb/Content/MedievalDungeon/Textures/T_Gibbet_Cage_Mount_Texturing_A.uasset" 635
"../../../../../../Users/Agape/Documents/Unreal Projects/SoundEscapeWeb/Content/MedievalDungeon/Textures/T_Gibbet_Cage_Mount_Texturing_C.uasset" 636
"../../../../../../Users/Agape/Documents/Unreal Projects/SoundEscapeWeb/Content/MedievalDungeon/Textures/T_Gibbet_Cage_Mount_Texturing_N.uasset" 637
"../../../../../../Users/Agape/Documents/Unreal Projects/SoundEscapeWeb/Content/MedievalDungeon/Materials/M_Gibbet_Cage_Inst.uasset" 638
"../../../../../../Users/Agape/Documents/Unreal Projects/SoundEscapeWeb/Content/MedievalDungeon/Meshes/Props/SM_Gibbet_Cage_Wall_Mount.uasset" 639
"../../../../../../Users/Agape/Documents/Unreal Projects/SoundEscapeWeb/Content/MedievalDungeon/Meshes/Props/SM_Pot_A_Body.uasset" 640
"../../../../../../Users/Agape/Documents/Unreal Projects/SoundEscapeWeb/Content/MedievalDungeon/Meshes/Props/SM_Pot_A_Complete.uasset" 641
"../../../../../../Users/Agape/Documents/Unreal Projects/SoundEscapeWeb/Content/MedievalDungeon/Textures/T_Statue_Hooded_A.uasset" 642
"../../../../../../Users/Agape/Documents/Unreal Projects/SoundEscapeWeb/Content/MedievalDungeon/Textures/T_Statue_Hooded_N.uasset" 643
"../../../../../../Users/Agape/Documents/Unreal Projects/SoundEscapeWeb/Content/MedievalDungeon/Textures/T_Statue_Hooded_R.uasset" 644
"../../../../../../Users/Agape/Documents/Unreal Projects/SoundEscapeWeb/Content/MedievalDungeon/Materials/M_Statue.uasset" 645
"../../../../../../Users/Agape/Documents/Unreal Projects/SoundEscapeWeb/Content/MedievalDungeon/Meshes/Props/SM_Statue_Hooded.uasset" 646
"../../../../../../Users/Agape/Documents/Unreal Projects/SoundEscapeWeb/Content/MedievalDungeon/Textures/T_Stone_Coffin_A.uasset" 647
"../../../../../../Users/Agape/Documents/Unreal Projects/SoundEscapeWeb/Content/MedievalDungeon/Textures/T_Stone_Coffin_C.uasset" 648
"../../../../../../Users/Agape/Documents/Unreal Projects/SoundEscapeWeb/Content/MedievalDungeon/Textures/T_Stone_Coffin_N.uasset" 649
"../../../../../../Users/Agape/Documents/Unreal Projects/SoundEscapeWeb/Content/MedievalDungeon/Materials/M_Stone_Coffin_Inst.uasset" 650
"../../../../../../Users/Agape/Documents/Unreal Projects/SoundEscapeWeb/Content/MedievalDungeon/Meshes/Props/SM_Stone_Coffin_Body.uasset" 651
"../../../../../../Users/Agape/Documents/Unreal Projects/SoundEscapeWeb/Content/MedievalDungeon/Meshes/Props/SM_Stone_Coffin_Lid.uasset" 652
"../../../../../../Users/Agape/Documents/Unreal Projects/SoundEscapeWeb/Content/MedievalDungeon/Textures/T_Table_A.uasset" 653
"../../../../../../Users/Agape/Documents/Unreal Projects/SoundEscapeWeb/Content/MedievalDungeon/Textures/T_Table_C.uasset" 654
"../../../../../../Users/Agape/Documents/Unreal Projects/SoundEscapeWeb/Content/MedievalDungeon/Textures/T_Table_N.uasset" 655
"../../../../../../Users/Agape/Documents/Unreal Projects/SoundEscapeWeb/Content/MedievalDungeon/Materials/M_Table_Inst.uasset" 656
"../../../../../../Users/Agape/Documents/Unreal Projects/SoundEscapeWeb/Content/MedievalDungeon/Meshes/Props/SM_Table.uasset" 657
"../../../../../../Users/Agape/Documents/Unreal Projects/SoundEscapeWeb/Content/MedievalDungeon/Textures/T_Torture_Chair_A.uasset" 658
"../../../../../../Users/Agape/Documents/Unreal Projects/SoundEscapeWeb/Content/MedievalDungeon/Textures/T_Torture_Chair_C.uasset" 659
"../../../../../../Users/Agape/Documents/Unreal Projects/SoundEscapeWeb/Content/MedievalDungeon/Textures/T_Torture_Chair_Normal.uasset" 660
"../../../../../../Users/Agape/Documents/Unreal Projects/SoundEscapeWeb/Content/MedievalDungeon/Materials/M_Torture_Chair_Inst.uasset" 661
"../../../../../../Users/Agape/Documents/Unreal Projects/SoundEscapeWeb/Content/MedievalDungeon/Meshes/Props/SM_Torture_Chair.uasset" 662
"../../../../../../Users/Agape/Documents/Unreal Projects/SoundEscapeWeb/Content/_Main/Maps/FirstLevel.umap" 663
